2022-03-10 00:04:42.561  INFO 68905 --- [RMI TCP Connection(2)-127.0.0.1] inMXBeanRegistrar$SpringApplicationAdmin : Application shutdown requested.
2022-03-10 00:04:43.002  INFO 68905 --- [RMI TCP Connection(2)-127.0.0.1] j.LocalContainerEntityManagerFactoryBean : Closing JPA EntityManagerFactory for persistence unit 'default'
2022-03-10 00:04:43.024  INFO 68905 --- [RMI TCP Connection(2)-127.0.0.1] com.zaxxer.hikari.HikariDataSource       : HikariPool-8 - Shutdown initiated...
2022-03-10 00:04:43.034  INFO 68905 --- [RMI TCP Connection(2)-127.0.0.1] com.zaxxer.hikari.HikariDataSource       : HikariPool-8 - Shutdown completed.
2022-03-10 00:38:44.452  WARN 74186 --- [restartedMain] o.s.boot.StartupInfoLogger               : InetAddress.getLocalHost().getHostName() took 5002 milliseconds to respond. Please verify your network configuration (macOS machines may need to add entries to /etc/hosts).
2022-03-10 00:38:49.470  INFO 74186 --- [restartedMain] tn.esprit.PidevApplication               : Starting PidevApplication using Java 1.8.0_281 on Derbalis-MacBook-Pro.local with PID 74186 (/Volumes/Work/pidev spring/Pidev_4SAE2/target/classes started by seif in /Volumes/Work/pidev spring/Pidev_4SAE2)
2022-03-10 00:38:49.471  INFO 74186 --- [restartedMain] tn.esprit.PidevApplication               : No active profile set, falling back to default profiles: default
2022-03-10 00:38:49.785  INFO 74186 --- [restartedMain] .e.DevToolsPropertyDefaultsPostProcessor : Devtools property defaults active! Set 'spring.devtools.add-properties' to 'false' to disable
2022-03-10 00:38:49.785  INFO 74186 --- [restartedMain] .e.DevToolsPropertyDefaultsPostProcessor : For additional web related logging consider setting the 'logging.level.web' property to 'DEBUG'
2022-03-10 00:38:51.568  INFO 74186 --- [restartedMain] .s.d.r.c.RepositoryConfigurationDelegate : Bootstrapping Spring Data JPA repositories in DEFAULT mode.
2022-03-10 00:38:51.702  INFO 74186 --- [restartedMain] .s.d.r.c.RepositoryConfigurationDelegate : Finished Spring Data repository scanning in 98 ms. Found 10 JPA repository interfaces.
2022-03-10 00:38:53.411  INFO 74186 --- [restartedMain] o.s.b.w.embedded.tomcat.TomcatWebServer  : Tomcat initialized with port(s): 8081 (http)
2022-03-10 00:38:53.439  INFO 74186 --- [restartedMain] o.apache.catalina.core.StandardService   : Starting service [Tomcat]
2022-03-10 00:38:53.439  INFO 74186 --- [restartedMain] org.apache.catalina.core.StandardEngine  : Starting Servlet engine: [Apache Tomcat/9.0.56]
2022-03-10 00:38:53.643  INFO 74186 --- [restartedMain] o.a.c.c.C.[Tomcat].[localhost].[/Pidev]  : Initializing Spring embedded WebApplicationContext
2022-03-10 00:38:53.643  INFO 74186 --- [restartedMain] w.s.c.ServletWebServerApplicationContext : Root WebApplicationContext: initialization completed in 3857 ms
2022-03-10 00:38:54.057  INFO 74186 --- [restartedMain] o.hibernate.jpa.internal.util.LogHelper  : HHH000204: Processing PersistenceUnitInfo [name: default]
2022-03-10 00:38:54.172  INFO 74186 --- [restartedMain] org.hibernate.Version                    : HHH000412: Hibernate ORM core version 5.6.3.Final
2022-03-10 00:38:54.585  INFO 74186 --- [restartedMain] o.hibernate.annotations.common.Version   : HCANN000001: Hibernate Commons Annotations {5.1.2.Final}
2022-03-10 00:38:54.855  INFO 74186 --- [restartedMain] com.zaxxer.hikari.HikariDataSource       : HikariPool-1 - Starting...
2022-03-10 00:38:55.191  INFO 74186 --- [restartedMain] com.zaxxer.hikari.HikariDataSource       : HikariPool-1 - Start completed.
2022-03-10 00:38:55.233  INFO 74186 --- [restartedMain] org.hibernate.dialect.Dialect            : HHH000400: Using dialect: org.hibernate.dialect.MySQL5InnoDBDialect
2022-03-10 00:38:57.017 DEBUG 74186 --- [restartedMain] org.hibernate.SQL                        : 
    
    alter table user 
       add column mail varchar(255)
2022-03-10 00:38:57.100  INFO 74186 --- [restartedMain] o.h.e.t.j.p.i.JtaPlatformInitiator       : HHH000490: Using JtaPlatform implementation: [org.hibernate.engine.transaction.jta.platform.internal.NoJtaPlatform]
2022-03-10 00:38:57.113  INFO 74186 --- [restartedMain] j.LocalContainerEntityManagerFactoryBean : Initialized JPA EntityManagerFactory for persistence unit 'default'
2022-03-10 00:38:58.528  WARN 74186 --- [restartedMain] JpaBaseConfiguration$JpaWebConfiguration : spring.jpa.open-in-view is enabled by default. Therefore, database queries may be performed during view rendering. Explicitly configure spring.jpa.open-in-view to disable this warning
2022-03-10 00:38:58.832  INFO 74186 --- [restartedMain] o.s.b.d.a.OptionalLiveReloadServer       : LiveReload server is running on port 35729
2022-03-10 00:38:59.149  INFO 74186 --- [restartedMain] o.s.b.w.embedded.tomcat.TomcatWebServer  : Tomcat started on port(s): 8081 (http) with context path '/Pidev'
2022-03-10 00:38:59.663  INFO 74186 --- [restartedMain] tn.esprit.PidevApplication               : Started PidevApplication in 31.097 seconds (JVM running for 39.673)
2022-03-10 00:39:50.139  INFO 74186 --- [http-nio-8081-exec-2] o.a.c.c.C.[Tomcat].[localhost].[/Pidev]  : Initializing Spring DispatcherServlet 'dispatcherServlet'
2022-03-10 00:39:50.141  INFO 74186 --- [http-nio-8081-exec-2] o.s.web.servlet.DispatcherServlet        : Initializing Servlet 'dispatcherServlet'
2022-03-10 00:39:50.160  INFO 74186 --- [http-nio-8081-exec-2] o.s.web.servlet.DispatcherServlet        : Completed initialization in 18 ms
2022-03-10 00:40:51.261 DEBUG 74186 --- [http-nio-8081-exec-5] org.hibernate.SQL                        : 
    select
        count(*) 
    from
        liked 
    where
        etat = 1 
        and comment_id = ?
2022-03-10 00:40:51.278 TRACE 74186 --- [http-nio-8081-exec-5] o.h.type.descriptor.sql.BasicBinder      : binding parameter [1] as [INTEGER] - [7]
2022-03-10 00:40:51.360 DEBUG 74186 --- [http-nio-8081-exec-5] org.hibernate.SQL                        : 
    select
        count(*) 
    from
        liked 
    where
        etat = -1 
        and comment_id = ?
2022-03-10 00:40:51.361 TRACE 74186 --- [http-nio-8081-exec-5] o.h.type.descriptor.sql.BasicBinder      : binding parameter [1] as [INTEGER] - [7]
2022-03-10 00:49:22.969  INFO 74186 --- [Thread-5] j.LocalContainerEntityManagerFactoryBean : Closing JPA EntityManagerFactory for persistence unit 'default'
2022-03-10 00:49:22.986  INFO 74186 --- [Thread-5] com.zaxxer.hikari.HikariDataSource       : HikariPool-1 - Shutdown initiated...
2022-03-10 00:49:23.017  INFO 74186 --- [Thread-5] com.zaxxer.hikari.HikariDataSource       : HikariPool-1 - Shutdown completed.
2022-03-10 00:49:38.541  WARN 74186 --- [restartedMain] o.s.boot.StartupInfoLogger               : InetAddress.getLocalHost().getHostName() took 5005 milliseconds to respond. Please verify your network configuration (macOS machines may need to add entries to /etc/hosts).
2022-03-10 00:49:43.543  INFO 74186 --- [restartedMain] tn.esprit.PidevApplication               : Starting PidevApplication using Java 1.8.0_281 on Derbalis-MacBook-Pro.local with PID 74186 (/Volumes/Work/pidev spring/Pidev_4SAE2/target/classes started by seif in /Volumes/Work/pidev spring/Pidev_4SAE2)
2022-03-10 00:49:43.544  INFO 74186 --- [restartedMain] tn.esprit.PidevApplication               : No active profile set, falling back to default profiles: default
2022-03-10 00:49:44.069  INFO 74186 --- [restartedMain] .s.d.r.c.RepositoryConfigurationDelegate : Bootstrapping Spring Data JPA repositories in DEFAULT mode.
2022-03-10 00:49:44.102  INFO 74186 --- [restartedMain] .s.d.r.c.RepositoryConfigurationDelegate : Finished Spring Data repository scanning in 32 ms. Found 10 JPA repository interfaces.
2022-03-10 00:49:44.276  INFO 74186 --- [restartedMain] o.s.b.w.embedded.tomcat.TomcatWebServer  : Tomcat initialized with port(s): 8081 (http)
2022-03-10 00:49:44.277  INFO 74186 --- [restartedMain] o.apache.catalina.core.StandardService   : Starting service [Tomcat]
2022-03-10 00:49:44.277  INFO 74186 --- [restartedMain] org.apache.catalina.core.StandardEngine  : Starting Servlet engine: [Apache Tomcat/9.0.56]
2022-03-10 00:49:44.285  INFO 74186 --- [restartedMain] o.a.c.c.C.[Tomcat].[localhost].[/Pidev]  : Initializing Spring embedded WebApplicationContext
2022-03-10 00:49:44.285  INFO 74186 --- [restartedMain] w.s.c.ServletWebServerApplicationContext : Root WebApplicationContext: initialization completed in 737 ms
2022-03-10 00:49:44.319  INFO 74186 --- [restartedMain] o.hibernate.jpa.internal.util.LogHelper  : HHH000204: Processing PersistenceUnitInfo [name: default]
2022-03-10 00:49:44.326  INFO 74186 --- [restartedMain] com.zaxxer.hikari.HikariDataSource       : HikariPool-2 - Starting...
2022-03-10 00:49:44.332  INFO 74186 --- [restartedMain] com.zaxxer.hikari.HikariDataSource       : HikariPool-2 - Start completed.
2022-03-10 00:49:44.333  INFO 74186 --- [restartedMain] org.hibernate.dialect.Dialect            : HHH000400: Using dialect: org.hibernate.dialect.MySQL5InnoDBDialect
2022-03-10 00:49:44.600  INFO 74186 --- [restartedMain] o.h.e.t.j.p.i.JtaPlatformInitiator       : HHH000490: Using JtaPlatform implementation: [org.hibernate.engine.transaction.jta.platform.internal.NoJtaPlatform]
2022-03-10 00:49:44.601  INFO 74186 --- [restartedMain] j.LocalContainerEntityManagerFactoryBean : Initialized JPA EntityManagerFactory for persistence unit 'default'
2022-03-10 00:49:45.188  WARN 74186 --- [restartedMain] JpaBaseConfiguration$JpaWebConfiguration : spring.jpa.open-in-view is enabled by default. Therefore, database queries may be performed during view rendering. Explicitly configure spring.jpa.open-in-view to disable this warning
2022-03-10 00:49:45.520  INFO 74186 --- [restartedMain] o.s.b.d.a.OptionalLiveReloadServer       : LiveReload server is running on port 35729
2022-03-10 00:49:45.654  INFO 74186 --- [restartedMain] o.s.b.w.embedded.tomcat.TomcatWebServer  : Tomcat started on port(s): 8081 (http) with context path '/Pidev'
2022-03-10 00:49:45.923  INFO 74186 --- [restartedMain] tn.esprit.PidevApplication               : Started PidevApplication in 22.441 seconds (JVM running for 685.935)
2022-03-10 00:49:45.926  INFO 74186 --- [restartedMain] .ConditionEvaluationDeltaLoggingListener : Condition evaluation unchanged
2022-03-10 00:54:06.280  INFO 74186 --- [Thread-8] j.LocalContainerEntityManagerFactoryBean : Closing JPA EntityManagerFactory for persistence unit 'default'
2022-03-10 00:54:06.295  INFO 74186 --- [Thread-8] com.zaxxer.hikari.HikariDataSource       : HikariPool-2 - Shutdown initiated...
2022-03-10 00:54:06.320  INFO 74186 --- [Thread-8] com.zaxxer.hikari.HikariDataSource       : HikariPool-2 - Shutdown completed.
2022-03-10 00:54:23.491  WARN 74186 --- [restartedMain] o.s.boot.StartupInfoLogger               : InetAddress.getLocalHost().getHostName() took 5006 milliseconds to respond. Please verify your network configuration (macOS machines may need to add entries to /etc/hosts).
2022-03-10 00:54:28.497  INFO 74186 --- [restartedMain] tn.esprit.PidevApplication               : Starting PidevApplication using Java 1.8.0_281 on Derbalis-MacBook-Pro.local with PID 74186 (/Volumes/Work/pidev spring/Pidev_4SAE2/target/classes started by seif in /Volumes/Work/pidev spring/Pidev_4SAE2)
2022-03-10 00:54:28.497  INFO 74186 --- [restartedMain] tn.esprit.PidevApplication               : No active profile set, falling back to default profiles: default
2022-03-10 00:54:29.021  INFO 74186 --- [restartedMain] .s.d.r.c.RepositoryConfigurationDelegate : Bootstrapping Spring Data JPA repositories in DEFAULT mode.
2022-03-10 00:54:29.055  INFO 74186 --- [restartedMain] .s.d.r.c.RepositoryConfigurationDelegate : Finished Spring Data repository scanning in 33 ms. Found 10 JPA repository interfaces.
2022-03-10 00:54:29.252  INFO 74186 --- [restartedMain] o.s.b.w.embedded.tomcat.TomcatWebServer  : Tomcat initialized with port(s): 8081 (http)
2022-03-10 00:54:29.253  INFO 74186 --- [restartedMain] o.apache.catalina.core.StandardService   : Starting service [Tomcat]
2022-03-10 00:54:29.253  INFO 74186 --- [restartedMain] org.apache.catalina.core.StandardEngine  : Starting Servlet engine: [Apache Tomcat/9.0.56]
2022-03-10 00:54:29.260  INFO 74186 --- [restartedMain] o.a.c.c.C.[Tomcat].[localhost].[/Pidev]  : Initializing Spring embedded WebApplicationContext
2022-03-10 00:54:29.260  INFO 74186 --- [restartedMain] w.s.c.ServletWebServerApplicationContext : Root WebApplicationContext: initialization completed in 757 ms
2022-03-10 00:54:29.298  INFO 74186 --- [restartedMain] o.hibernate.jpa.internal.util.LogHelper  : HHH000204: Processing PersistenceUnitInfo [name: default]
2022-03-10 00:54:29.304  INFO 74186 --- [restartedMain] com.zaxxer.hikari.HikariDataSource       : HikariPool-3 - Starting...
2022-03-10 00:54:29.308  INFO 74186 --- [restartedMain] com.zaxxer.hikari.HikariDataSource       : HikariPool-3 - Start completed.
2022-03-10 00:54:29.309  INFO 74186 --- [restartedMain] org.hibernate.dialect.Dialect            : HHH000400: Using dialect: org.hibernate.dialect.MySQL5InnoDBDialect
2022-03-10 00:54:29.480  INFO 74186 --- [restartedMain] o.h.e.t.j.p.i.JtaPlatformInitiator       : HHH000490: Using JtaPlatform implementation: [org.hibernate.engine.transaction.jta.platform.internal.NoJtaPlatform]
2022-03-10 00:54:29.481  INFO 74186 --- [restartedMain] j.LocalContainerEntityManagerFactoryBean : Initialized JPA EntityManagerFactory for persistence unit 'default'
2022-03-10 00:54:29.784  WARN 74186 --- [restartedMain] JpaBaseConfiguration$JpaWebConfiguration : spring.jpa.open-in-view is enabled by default. Therefore, database queries may be performed during view rendering. Explicitly configure spring.jpa.open-in-view to disable this warning
2022-03-10 00:54:29.880  INFO 74186 --- [restartedMain] o.s.b.d.a.OptionalLiveReloadServer       : LiveReload server is running on port 35729
2022-03-10 00:54:29.965  INFO 74186 --- [restartedMain] o.s.b.w.embedded.tomcat.TomcatWebServer  : Tomcat started on port(s): 8081 (http) with context path '/Pidev'
2022-03-10 00:54:30.242  INFO 74186 --- [restartedMain] tn.esprit.PidevApplication               : Started PidevApplication in 21.827 seconds (JVM running for 970.255)
2022-03-10 00:54:30.244  INFO 74186 --- [restartedMain] .ConditionEvaluationDeltaLoggingListener : Condition evaluation unchanged
2022-03-10 00:56:36.087  INFO 74186 --- [Thread-12] j.LocalContainerEntityManagerFactoryBean : Closing JPA EntityManagerFactory for persistence unit 'default'
2022-03-10 00:56:36.103  INFO 74186 --- [Thread-12] com.zaxxer.hikari.HikariDataSource       : HikariPool-3 - Shutdown initiated...
2022-03-10 00:56:36.109  INFO 74186 --- [Thread-12] com.zaxxer.hikari.HikariDataSource       : HikariPool-3 - Shutdown completed.
2022-03-10 00:56:51.577  WARN 74186 --- [restartedMain] o.s.boot.StartupInfoLogger               : InetAddress.getLocalHost().getHostName() took 5004 milliseconds to respond. Please verify your network configuration (macOS machines may need to add entries to /etc/hosts).
2022-03-10 00:56:56.622  INFO 74186 --- [restartedMain] tn.esprit.PidevApplication               : Starting PidevApplication using Java 1.8.0_281 on Derbalis-MacBook-Pro.local with PID 74186 (/Volumes/Work/pidev spring/Pidev_4SAE2/target/classes started by seif in /Volumes/Work/pidev spring/Pidev_4SAE2)
2022-03-10 00:56:56.624  INFO 74186 --- [restartedMain] tn.esprit.PidevApplication               : No active profile set, falling back to default profiles: default
2022-03-10 00:56:57.520  INFO 74186 --- [restartedMain] .s.d.r.c.RepositoryConfigurationDelegate : Bootstrapping Spring Data JPA repositories in DEFAULT mode.
2022-03-10 00:56:57.595  INFO 74186 --- [restartedMain] .s.d.r.c.RepositoryConfigurationDelegate : Finished Spring Data repository scanning in 74 ms. Found 10 JPA repository interfaces.
2022-03-10 00:56:57.943  INFO 74186 --- [restartedMain] o.s.b.w.embedded.tomcat.TomcatWebServer  : Tomcat initialized with port(s): 8081 (http)
2022-03-10 00:56:57.944  INFO 74186 --- [restartedMain] o.apache.catalina.core.StandardService   : Starting service [Tomcat]
2022-03-10 00:56:57.945  INFO 74186 --- [restartedMain] org.apache.catalina.core.StandardEngine  : Starting Servlet engine: [Apache Tomcat/9.0.56]
2022-03-10 00:56:57.957  INFO 74186 --- [restartedMain] o.a.c.c.C.[Tomcat].[localhost].[/Pidev]  : Initializing Spring embedded WebApplicationContext
2022-03-10 00:56:57.957  INFO 74186 --- [restartedMain] w.s.c.ServletWebServerApplicationContext : Root WebApplicationContext: initialization completed in 1325 ms
2022-03-10 00:56:58.039  INFO 74186 --- [restartedMain] o.hibernate.jpa.internal.util.LogHelper  : HHH000204: Processing PersistenceUnitInfo [name: default]
2022-03-10 00:56:58.053  INFO 74186 --- [restartedMain] com.zaxxer.hikari.HikariDataSource       : HikariPool-4 - Starting...
2022-03-10 00:56:58.060  INFO 74186 --- [restartedMain] com.zaxxer.hikari.HikariDataSource       : HikariPool-4 - Start completed.
2022-03-10 00:56:58.061  INFO 74186 --- [restartedMain] org.hibernate.dialect.Dialect            : HHH000400: Using dialect: org.hibernate.dialect.MySQL5InnoDBDialect
2022-03-10 00:56:58.358  INFO 74186 --- [restartedMain] o.h.e.t.j.p.i.JtaPlatformInitiator       : HHH000490: Using JtaPlatform implementation: [org.hibernate.engine.transaction.jta.platform.internal.NoJtaPlatform]
2022-03-10 00:56:58.359  INFO 74186 --- [restartedMain] j.LocalContainerEntityManagerFactoryBean : Initialized JPA EntityManagerFactory for persistence unit 'default'
2022-03-10 00:56:59.464  WARN 74186 --- [restartedMain] JpaBaseConfiguration$JpaWebConfiguration : spring.jpa.open-in-view is enabled by default. Therefore, database queries may be performed during view rendering. Explicitly configure spring.jpa.open-in-view to disable this warning
2022-03-10 00:56:59.676  INFO 74186 --- [restartedMain] o.s.b.d.a.OptionalLiveReloadServer       : LiveReload server is running on port 35729
2022-03-10 00:57:00.028  INFO 74186 --- [restartedMain] o.s.b.w.embedded.tomcat.TomcatWebServer  : Tomcat started on port(s): 8081 (http) with context path '/Pidev'
2022-03-10 00:57:00.618  INFO 74186 --- [restartedMain] tn.esprit.PidevApplication               : Started PidevApplication in 24.086 seconds (JVM running for 1120.588)
2022-03-10 00:57:00.620  INFO 74186 --- [restartedMain] .ConditionEvaluationDeltaLoggingListener : Condition evaluation unchanged
2022-03-10 01:00:13.149  INFO 74186 --- [http-nio-8081-exec-2] o.a.c.c.C.[Tomcat].[localhost].[/Pidev]  : Initializing Spring DispatcherServlet 'dispatcherServlet'
2022-03-10 01:00:13.153  INFO 74186 --- [http-nio-8081-exec-2] o.s.web.servlet.DispatcherServlet        : Initializing Servlet 'dispatcherServlet'
2022-03-10 01:00:13.286  INFO 74186 --- [http-nio-8081-exec-2] o.s.web.servlet.DispatcherServlet        : Completed initialization in 133 ms
2022-03-10 01:00:13.453 DEBUG 74186 --- [http-nio-8081-exec-2] org.hibernate.SQL                        : 
    select
        count(*) 
    from
        liked 
    where
        etat = 1 
        and comment_id = ?
2022-03-10 01:00:13.475 TRACE 74186 --- [http-nio-8081-exec-2] o.h.type.descriptor.sql.BasicBinder      : binding parameter [1] as [INTEGER] - [7]
2022-03-10 01:00:13.520 DEBUG 74186 --- [http-nio-8081-exec-2] org.hibernate.SQL                        : 
    select
        count(*) 
    from
        liked 
    where
        etat = -1 
        and comment_id = ?
2022-03-10 01:00:13.602 TRACE 74186 --- [http-nio-8081-exec-2] o.h.type.descriptor.sql.BasicBinder      : binding parameter [1] as [INTEGER] - [7]
2022-03-10 01:00:18.202 DEBUG 74186 --- [http-nio-8081-exec-3] org.hibernate.SQL                        : 
    select
        quizz0_.id as id1_8_,
        quizz0_.description as descript2_8_,
        quizz0_.questionnumber as question3_8_ 
    from
        quizz quizz0_
2022-03-10 01:00:18.414 ERROR 74186 --- [http-nio-8081-exec-3] o.a.c.c.C.[.[.[.[dispatcherServlet]      : Servlet.service() for servlet [dispatcherServlet] in context with path [/Pidev] threw exception [Request processing failed; nested exception is ExceptionConverter: java.io.IOException: The document has no pages.] with root cause

java.io.IOException: The document has no pages.
	at com.itextpdf.text.pdf.PdfPages.writePageTree(PdfPages.java:113) ~[itextpdf-5.0.6.jar:na]
	at com.itextpdf.text.pdf.PdfWriter.close(PdfWriter.java:1174) ~[itextpdf-5.0.6.jar:na]
	at com.itextpdf.text.pdf.PdfDocument.close(PdfDocument.java:780) ~[itextpdf-5.0.6.jar:na]
	at com.itextpdf.text.Document.close(Document.java:409) ~[itextpdf-5.0.6.jar:na]
	at tn.esprit.services.PdfServiceImpl.toPDF(PdfServiceImpl.java:201) ~[classes/:na]
	at tn.esprit.controllers.AnswerController.toPDF(AnswerController.java:54) ~[classes/:na]
	at tn.esprit.controllers.AnswerController$$FastClassBySpringCGLIB$$8b68be10.invoke(<generated>) ~[classes/:na]
	at org.springframework.cglib.proxy.MethodProxy.invoke(MethodProxy.java:218) ~[spring-core-5.3.14.jar:5.3.14]
	at org.springframework.aop.framework.CglibAopProxy$CglibMethodInvocation.invokeJoinpoint(CglibAopProxy.java:783) ~[spring-aop-5.3.14.jar:5.3.14]
	at org.springframework.aop.framework.ReflectiveMethodInvocation.proceed(ReflectiveMethodInvocation.java:163) ~[spring-aop-5.3.14.jar:5.3.14]
	at org.springframework.aop.framework.CglibAopProxy$CglibMethodInvocation.proceed(CglibAopProxy.java:753) ~[spring-aop-5.3.14.jar:5.3.14]
	at org.springframework.transaction.interceptor.TransactionInterceptor$1.proceedWithInvocation(TransactionInterceptor.java:123) ~[spring-tx-5.3.14.jar:5.3.14]
	at org.springframework.transaction.interceptor.TransactionAspectSupport.invokeWithinTransaction(TransactionAspectSupport.java:388) ~[spring-tx-5.3.14.jar:5.3.14]
	at org.springframework.transaction.interceptor.TransactionInterceptor.invoke(TransactionInterceptor.java:119) ~[spring-tx-5.3.14.jar:5.3.14]
	at org.springframework.aop.framework.ReflectiveMethodInvocation.proceed(ReflectiveMethodInvocation.java:186) ~[spring-aop-5.3.14.jar:5.3.14]
	at org.springframework.aop.framework.CglibAopProxy$CglibMethodInvocation.proceed(CglibAopProxy.java:753) ~[spring-aop-5.3.14.jar:5.3.14]
	at org.springframework.aop.framework.CglibAopProxy$DynamicAdvisedInterceptor.intercept(CglibAopProxy.java:698) ~[spring-aop-5.3.14.jar:5.3.14]
	at tn.esprit.controllers.AnswerController$$EnhancerBySpringCGLIB$$eb9b1104.toPDF(<generated>) ~[classes/:na]
	at sun.reflect.NativeMethodAccessorImpl.invoke0(Native Method) ~[na:1.8.0_281]
	at sun.reflect.NativeMethodAccessorImpl.invoke(NativeMethodAccessorImpl.java:62) ~[na:1.8.0_281]
	at sun.reflect.DelegatingMethodAccessorImpl.invoke(DelegatingMethodAccessorImpl.java:43) ~[na:1.8.0_281]
	at java.lang.reflect.Method.invoke(Method.java:498) ~[na:1.8.0_281]
	at org.springframework.web.method.support.InvocableHandlerMethod.doInvoke(InvocableHandlerMethod.java:205) ~[spring-web-5.3.14.jar:5.3.14]
	at org.springframework.web.method.support.InvocableHandlerMethod.invokeForRequest(InvocableHandlerMethod.java:150) ~[spring-web-5.3.14.jar:5.3.14]
	at org.springframework.web.servlet.mvc.method.annotation.ServletInvocableHandlerMethod.invokeAndHandle(ServletInvocableHandlerMethod.java:117) ~[spring-webmvc-5.3.14.jar:5.3.14]
	at org.springframework.web.servlet.mvc.method.annotation.RequestMappingHandlerAdapter.invokeHandlerMethod(RequestMappingHandlerAdapter.java:895) ~[spring-webmvc-5.3.14.jar:5.3.14]
	at org.springframework.web.servlet.mvc.method.annotation.RequestMappingHandlerAdapter.handleInternal(RequestMappingHandlerAdapter.java:808) ~[spring-webmvc-5.3.14.jar:5.3.14]
	at org.springframework.web.servlet.mvc.method.AbstractHandlerMethodAdapter.handle(AbstractHandlerMethodAdapter.java:87) ~[spring-webmvc-5.3.14.jar:5.3.14]
	at org.springframework.web.servlet.DispatcherServlet.doDispatch(DispatcherServlet.java:1067) ~[spring-webmvc-5.3.14.jar:5.3.14]
	at org.springframework.web.servlet.DispatcherServlet.doService(DispatcherServlet.java:963) ~[spring-webmvc-5.3.14.jar:5.3.14]
	at org.springframework.web.servlet.FrameworkServlet.processRequest(FrameworkServlet.java:1006) ~[spring-webmvc-5.3.14.jar:5.3.14]
	at org.springframework.web.servlet.FrameworkServlet.doGet(FrameworkServlet.java:898) ~[spring-webmvc-5.3.14.jar:5.3.14]
	at javax.servlet.http.HttpServlet.service(HttpServlet.java:655) ~[tomcat-embed-core-9.0.56.jar:4.0.FR]
	at org.springframework.web.servlet.FrameworkServlet.service(FrameworkServlet.java:883) ~[spring-webmvc-5.3.14.jar:5.3.14]
	at javax.servlet.http.HttpServlet.service(HttpServlet.java:764) ~[tomcat-embed-core-9.0.56.jar:4.0.FR]
	at org.apache.catalina.core.ApplicationFilterChain.internalDoFilter(ApplicationFilterChain.java:227) ~[tomcat-embed-core-9.0.56.jar:9.0.56]
	at org.apache.catalina.core.ApplicationFilterChain.doFilter(ApplicationFilterChain.java:162) ~[tomcat-embed-core-9.0.56.jar:9.0.56]
	at org.apache.tomcat.websocket.server.WsFilter.doFilter(WsFilter.java:53) ~[tomcat-embed-websocket-9.0.56.jar:9.0.56]
	at org.apache.catalina.core.ApplicationFilterChain.internalDoFilter(ApplicationFilterChain.java:189) ~[tomcat-embed-core-9.0.56.jar:9.0.56]
	at org.apache.catalina.core.ApplicationFilterChain.doFilter(ApplicationFilterChain.java:162) ~[tomcat-embed-core-9.0.56.jar:9.0.56]
	at org.springframework.web.filter.CharacterEncodingFilter.doFilterInternal(CharacterEncodingFilter.java:201) ~[spring-web-5.3.14.jar:5.3.14]
	at org.springframework.web.filter.OncePerRequestFilter.doFilter(OncePerRequestFilter.java:117) ~[spring-web-5.3.14.jar:5.3.14]
	at org.apache.catalina.core.ApplicationFilterChain.internalDoFilter(ApplicationFilterChain.java:189) ~[tomcat-embed-core-9.0.56.jar:9.0.56]
	at org.apache.catalina.core.ApplicationFilterChain.doFilter(ApplicationFilterChain.java:162) ~[tomcat-embed-core-9.0.56.jar:9.0.56]
	at org.apache.catalina.core.StandardWrapperValve.invoke(StandardWrapperValve.java:197) ~[tomcat-embed-core-9.0.56.jar:9.0.56]
	at org.apache.catalina.core.StandardContextValve.invoke(StandardContextValve.java:97) [tomcat-embed-core-9.0.56.jar:9.0.56]
	at org.apache.catalina.authenticator.AuthenticatorBase.invoke(AuthenticatorBase.java:540) [tomcat-embed-core-9.0.56.jar:9.0.56]
	at org.apache.catalina.core.StandardHostValve.invoke(StandardHostValve.java:135) [tomcat-embed-core-9.0.56.jar:9.0.56]
	at org.apache.catalina.valves.ErrorReportValve.invoke(ErrorReportValve.java:92) [tomcat-embed-core-9.0.56.jar:9.0.56]
	at org.apache.catalina.core.StandardEngineValve.invoke(StandardEngineValve.java:78) [tomcat-embed-core-9.0.56.jar:9.0.56]
	at org.apache.catalina.connector.CoyoteAdapter.service(CoyoteAdapter.java:357) [tomcat-embed-core-9.0.56.jar:9.0.56]
	at org.apache.coyote.http11.Http11Processor.service(Http11Processor.java:382) [tomcat-embed-core-9.0.56.jar:9.0.56]
	at org.apache.coyote.AbstractProcessorLight.process(AbstractProcessorLight.java:65) [tomcat-embed-core-9.0.56.jar:9.0.56]
	at org.apache.coyote.AbstractProtocol$ConnectionHandler.process(AbstractProtocol.java:895) [tomcat-embed-core-9.0.56.jar:9.0.56]
	at org.apache.tomcat.util.net.NioEndpoint$SocketProcessor.doRun(NioEndpoint.java:1732) [tomcat-embed-core-9.0.56.jar:9.0.56]
	at org.apache.tomcat.util.net.SocketProcessorBase.run(SocketProcessorBase.java:49) [tomcat-embed-core-9.0.56.jar:9.0.56]
	at org.apache.tomcat.util.threads.ThreadPoolExecutor.runWorker(ThreadPoolExecutor.java:1191) [tomcat-embed-core-9.0.56.jar:9.0.56]
	at org.apache.tomcat.util.threads.ThreadPoolExecutor$Worker.run(ThreadPoolExecutor.java:659) [tomcat-embed-core-9.0.56.jar:9.0.56]
	at org.apache.tomcat.util.threads.TaskThread$WrappingRunnable.run(TaskThread.java:61) [tomcat-embed-core-9.0.56.jar:9.0.56]
	at java.lang.Thread.run(Thread.java:748) [na:1.8.0_281]

2022-03-10 01:01:04.766  INFO 74186 --- [Thread-16] j.LocalContainerEntityManagerFactoryBean : Closing JPA EntityManagerFactory for persistence unit 'default'
2022-03-10 01:01:04.788  INFO 74186 --- [Thread-16] com.zaxxer.hikari.HikariDataSource       : HikariPool-4 - Shutdown initiated...
2022-03-10 01:01:04.798  INFO 74186 --- [Thread-16] com.zaxxer.hikari.HikariDataSource       : HikariPool-4 - Shutdown completed.
2022-03-10 01:01:21.601  WARN 74186 --- [restartedMain] o.s.boot.StartupInfoLogger               : InetAddress.getLocalHost().getHostName() took 5002 milliseconds to respond. Please verify your network configuration (macOS machines may need to add entries to /etc/hosts).
2022-03-10 01:01:26.609  INFO 74186 --- [restartedMain] tn.esprit.PidevApplication               : Starting PidevApplication using Java 1.8.0_281 on Derbalis-MacBook-Pro.local with PID 74186 (/Volumes/Work/pidev spring/Pidev_4SAE2/target/classes started by seif in /Volumes/Work/pidev spring/Pidev_4SAE2)
2022-03-10 01:01:26.609  INFO 74186 --- [restartedMain] tn.esprit.PidevApplication               : No active profile set, falling back to default profiles: default
2022-03-10 01:01:27.152  INFO 74186 --- [restartedMain] .s.d.r.c.RepositoryConfigurationDelegate : Bootstrapping Spring Data JPA repositories in DEFAULT mode.
2022-03-10 01:01:27.191  INFO 74186 --- [restartedMain] .s.d.r.c.RepositoryConfigurationDelegate : Finished Spring Data repository scanning in 39 ms. Found 10 JPA repository interfaces.
2022-03-10 01:01:27.487  INFO 74186 --- [restartedMain] o.s.b.w.embedded.tomcat.TomcatWebServer  : Tomcat initialized with port(s): 8081 (http)
2022-03-10 01:01:27.492  INFO 74186 --- [restartedMain] o.apache.catalina.core.StandardService   : Starting service [Tomcat]
2022-03-10 01:01:27.493  INFO 74186 --- [restartedMain] org.apache.catalina.core.StandardEngine  : Starting Servlet engine: [Apache Tomcat/9.0.56]
2022-03-10 01:01:27.516  INFO 74186 --- [restartedMain] o.a.c.c.C.[Tomcat].[localhost].[/Pidev]  : Initializing Spring embedded WebApplicationContext
2022-03-10 01:01:27.516  INFO 74186 --- [restartedMain] w.s.c.ServletWebServerApplicationContext : Root WebApplicationContext: initialization completed in 902 ms
2022-03-10 01:01:27.619  INFO 74186 --- [restartedMain] o.hibernate.jpa.internal.util.LogHelper  : HHH000204: Processing PersistenceUnitInfo [name: default]
2022-03-10 01:01:27.626  INFO 74186 --- [restartedMain] com.zaxxer.hikari.HikariDataSource       : HikariPool-5 - Starting...
2022-03-10 01:01:27.645  INFO 74186 --- [restartedMain] com.zaxxer.hikari.HikariDataSource       : HikariPool-5 - Start completed.
2022-03-10 01:01:27.646  INFO 74186 --- [restartedMain] org.hibernate.dialect.Dialect            : HHH000400: Using dialect: org.hibernate.dialect.MySQL5InnoDBDialect
2022-03-10 01:01:27.872  INFO 74186 --- [restartedMain] o.h.e.t.j.p.i.JtaPlatformInitiator       : HHH000490: Using JtaPlatform implementation: [org.hibernate.engine.transaction.jta.platform.internal.NoJtaPlatform]
2022-03-10 01:01:27.872  INFO 74186 --- [restartedMain] j.LocalContainerEntityManagerFactoryBean : Initialized JPA EntityManagerFactory for persistence unit 'default'
2022-03-10 01:01:28.254  WARN 74186 --- [restartedMain] JpaBaseConfiguration$JpaWebConfiguration : spring.jpa.open-in-view is enabled by default. Therefore, database queries may be performed during view rendering. Explicitly configure spring.jpa.open-in-view to disable this warning
2022-03-10 01:01:28.351  INFO 74186 --- [restartedMain] o.s.b.d.a.OptionalLiveReloadServer       : LiveReload server is running on port 35729
2022-03-10 01:01:28.459  INFO 74186 --- [restartedMain] o.s.b.w.embedded.tomcat.TomcatWebServer  : Tomcat started on port(s): 8081 (http) with context path '/Pidev'
2022-03-10 01:01:28.844  INFO 74186 --- [restartedMain] tn.esprit.PidevApplication               : Started PidevApplication in 22.645 seconds (JVM running for 1388.812)
2022-03-10 01:01:28.847  INFO 74186 --- [restartedMain] .ConditionEvaluationDeltaLoggingListener : Condition evaluation unchanged
2022-03-10 01:01:51.004  INFO 74186 --- [http-nio-8081-exec-1] o.a.c.c.C.[Tomcat].[localhost].[/Pidev]  : Initializing Spring DispatcherServlet 'dispatcherServlet'
2022-03-10 01:01:51.008  INFO 74186 --- [http-nio-8081-exec-1] o.s.web.servlet.DispatcherServlet        : Initializing Servlet 'dispatcherServlet'
2022-03-10 01:01:51.026  INFO 74186 --- [http-nio-8081-exec-1] o.s.web.servlet.DispatcherServlet        : Completed initialization in 17 ms
2022-03-10 01:01:51.123 DEBUG 74186 --- [http-nio-8081-exec-1] org.hibernate.SQL                        : 
    select
        quizz0_.id as id1_8_,
        quizz0_.description as descript2_8_,
        quizz0_.questionnumber as question3_8_ 
    from
        quizz quizz0_
2022-03-10 01:10:04.410 DEBUG 74186 --- [http-nio-8081-exec-5] org.hibernate.SQL                        : 
    select
        * 
    from
        comment c 
    where
        c.forum_id = ?
2022-03-10 01:10:04.424 TRACE 74186 --- [http-nio-8081-exec-5] o.h.type.descriptor.sql.BasicBinder      : binding parameter [1] as [BIGINT] - [13]
2022-03-10 01:10:04.571 DEBUG 74186 --- [http-nio-8081-exec-5] org.hibernate.SQL                        : 
    select
        forum0_.id as id1_4_0_,
        forum0_.contenu as contenu2_4_0_,
        forum0_.date as date3_4_0_,
        forum0_.userid as userid4_4_0_ 
    from
        forum forum0_ 
    where
        forum0_.id=?
2022-03-10 01:10:04.571 TRACE 74186 --- [http-nio-8081-exec-5] o.h.type.descriptor.sql.BasicBinder      : binding parameter [1] as [BIGINT] - [13]
2022-03-10 01:10:04.610 DEBUG 74186 --- [http-nio-8081-exec-5] org.hibernate.SQL                        : 
    select
        count(*) 
    from
        liked l 
    where
        l.etat = -1 
        and l.comment_id = ?
2022-03-10 01:10:04.611 TRACE 74186 --- [http-nio-8081-exec-5] o.h.type.descriptor.sql.BasicBinder      : binding parameter [1] as [BIGINT] - [7]
2022-03-10 01:10:04.617 DEBUG 74186 --- [http-nio-8081-exec-5] org.hibernate.SQL                        : 
    select
        count(*) 
    from
        liked l 
    where
        l.etat = 1 
        and l.comment_id = ?
2022-03-10 01:10:04.617 TRACE 74186 --- [http-nio-8081-exec-5] o.h.type.descriptor.sql.BasicBinder      : binding parameter [1] as [BIGINT] - [7]
2022-03-10 01:10:04.620 DEBUG 74186 --- [http-nio-8081-exec-5] org.hibernate.SQL                        : 
    select
        count(*) 
    from
        liked l 
    where
        l.etat = -1 
        and l.comment_id = ?
2022-03-10 01:10:04.621 TRACE 74186 --- [http-nio-8081-exec-5] o.h.type.descriptor.sql.BasicBinder      : binding parameter [1] as [BIGINT] - [8]
2022-03-10 01:10:04.623 DEBUG 74186 --- [http-nio-8081-exec-5] org.hibernate.SQL                        : 
    select
        count(*) 
    from
        liked l 
    where
        l.etat = 1 
        and l.comment_id = ?
2022-03-10 01:10:04.624 TRACE 74186 --- [http-nio-8081-exec-5] o.h.type.descriptor.sql.BasicBinder      : binding parameter [1] as [BIGINT] - [8]
2022-03-10 01:10:04.735 DEBUG 74186 --- [http-nio-8081-exec-5] org.hibernate.SQL                        : 
    select
        like0_.comment_id as comment_4_5_0_,
        like0_.id as id1_5_0_,
        like0_.id as id1_5_1_,
        like0_.comment_id as comment_4_5_1_,
        like0_.etat as etat2_5_1_,
        like0_.userid as userid3_5_1_ 
    from
        liked like0_ 
    where
        like0_.comment_id=?
2022-03-10 01:10:04.736 TRACE 74186 --- [http-nio-8081-exec-5] o.h.type.descriptor.sql.BasicBinder      : binding parameter [1] as [BIGINT] - [7]
2022-03-10 01:11:14.837  INFO 74186 --- [Thread-20] j.LocalContainerEntityManagerFactoryBean : Closing JPA EntityManagerFactory for persistence unit 'default'
2022-03-10 01:11:14.851  INFO 74186 --- [Thread-20] com.zaxxer.hikari.HikariDataSource       : HikariPool-5 - Shutdown initiated...
2022-03-10 01:11:14.872  INFO 74186 --- [Thread-20] com.zaxxer.hikari.HikariDataSource       : HikariPool-5 - Shutdown completed.
2022-03-10 01:11:31.131  WARN 74186 --- [restartedMain] o.s.boot.StartupInfoLogger               : InetAddress.getLocalHost().getHostName() took 5004 milliseconds to respond. Please verify your network configuration (macOS machines may need to add entries to /etc/hosts).
2022-03-10 01:11:36.154  INFO 74186 --- [restartedMain] tn.esprit.PidevApplication               : Starting PidevApplication using Java 1.8.0_281 on Derbalis-MacBook-Pro.local with PID 74186 (/Volumes/Work/pidev spring/Pidev_4SAE2/target/classes started by seif in /Volumes/Work/pidev spring/Pidev_4SAE2)
2022-03-10 01:11:36.154  INFO 74186 --- [restartedMain] tn.esprit.PidevApplication               : No active profile set, falling back to default profiles: default
2022-03-10 01:11:36.705  INFO 74186 --- [restartedMain] .s.d.r.c.RepositoryConfigurationDelegate : Bootstrapping Spring Data JPA repositories in DEFAULT mode.
2022-03-10 01:11:36.755  INFO 74186 --- [restartedMain] .s.d.r.c.RepositoryConfigurationDelegate : Finished Spring Data repository scanning in 49 ms. Found 10 JPA repository interfaces.
2022-03-10 01:11:37.315  INFO 74186 --- [restartedMain] o.s.b.w.embedded.tomcat.TomcatWebServer  : Tomcat initialized with port(s): 8081 (http)
2022-03-10 01:11:37.316  INFO 74186 --- [restartedMain] o.apache.catalina.core.StandardService   : Starting service [Tomcat]
2022-03-10 01:11:37.317  INFO 74186 --- [restartedMain] org.apache.catalina.core.StandardEngine  : Starting Servlet engine: [Apache Tomcat/9.0.56]
2022-03-10 01:11:37.329  INFO 74186 --- [restartedMain] o.a.c.c.C.[Tomcat].[localhost].[/Pidev]  : Initializing Spring embedded WebApplicationContext
2022-03-10 01:11:37.330  INFO 74186 --- [restartedMain] w.s.c.ServletWebServerApplicationContext : Root WebApplicationContext: initialization completed in 1167 ms
2022-03-10 01:11:37.408  INFO 74186 --- [restartedMain] o.hibernate.jpa.internal.util.LogHelper  : HHH000204: Processing PersistenceUnitInfo [name: default]
2022-03-10 01:11:37.415  INFO 74186 --- [restartedMain] com.zaxxer.hikari.HikariDataSource       : HikariPool-6 - Starting...
2022-03-10 01:11:37.433  INFO 74186 --- [restartedMain] com.zaxxer.hikari.HikariDataSource       : HikariPool-6 - Start completed.
2022-03-10 01:11:37.433  INFO 74186 --- [restartedMain] org.hibernate.dialect.Dialect            : HHH000400: Using dialect: org.hibernate.dialect.MySQL5InnoDBDialect
2022-03-10 01:11:37.672  INFO 74186 --- [restartedMain] o.h.e.t.j.p.i.JtaPlatformInitiator       : HHH000490: Using JtaPlatform implementation: [org.hibernate.engine.transaction.jta.platform.internal.NoJtaPlatform]
2022-03-10 01:11:37.672  INFO 74186 --- [restartedMain] j.LocalContainerEntityManagerFactoryBean : Initialized JPA EntityManagerFactory for persistence unit 'default'
2022-03-10 01:11:38.016  WARN 74186 --- [restartedMain] JpaBaseConfiguration$JpaWebConfiguration : spring.jpa.open-in-view is enabled by default. Therefore, database queries may be performed during view rendering. Explicitly configure spring.jpa.open-in-view to disable this warning
2022-03-10 01:11:38.116  INFO 74186 --- [restartedMain] o.s.b.d.a.OptionalLiveReloadServer       : LiveReload server is running on port 35729
2022-03-10 01:11:38.260  INFO 74186 --- [restartedMain] o.s.b.w.embedded.tomcat.TomcatWebServer  : Tomcat started on port(s): 8081 (http) with context path '/Pidev'
2022-03-10 01:11:38.509  INFO 74186 --- [restartedMain] tn.esprit.PidevApplication               : Started PidevApplication in 22.43 seconds (JVM running for 1998.473)
2022-03-10 01:11:38.511  INFO 74186 --- [restartedMain] .ConditionEvaluationDeltaLoggingListener : Condition evaluation unchanged
2022-03-10 01:13:07.754  INFO 74186 --- [Thread-24] j.LocalContainerEntityManagerFactoryBean : Closing JPA EntityManagerFactory for persistence unit 'default'
2022-03-10 01:13:07.774  INFO 74186 --- [Thread-24] com.zaxxer.hikari.HikariDataSource       : HikariPool-6 - Shutdown initiated...
2022-03-10 01:13:07.794  INFO 74186 --- [Thread-24] com.zaxxer.hikari.HikariDataSource       : HikariPool-6 - Shutdown completed.
2022-03-10 01:13:23.682  WARN 74186 --- [restartedMain] o.s.boot.StartupInfoLogger               : InetAddress.getLocalHost().getHostName() took 5004 milliseconds to respond. Please verify your network configuration (macOS machines may need to add entries to /etc/hosts).
2022-03-10 01:13:28.687  INFO 74186 --- [restartedMain] tn.esprit.PidevApplication               : Starting PidevApplication using Java 1.8.0_281 on Derbalis-MacBook-Pro.local with PID 74186 (/Volumes/Work/pidev spring/Pidev_4SAE2/target/classes started by seif in /Volumes/Work/pidev spring/Pidev_4SAE2)
2022-03-10 01:13:28.688  INFO 74186 --- [restartedMain] tn.esprit.PidevApplication               : No active profile set, falling back to default profiles: default
2022-03-10 01:13:29.207  INFO 74186 --- [restartedMain] .s.d.r.c.RepositoryConfigurationDelegate : Bootstrapping Spring Data JPA repositories in DEFAULT mode.
2022-03-10 01:13:29.245  INFO 74186 --- [restartedMain] .s.d.r.c.RepositoryConfigurationDelegate : Finished Spring Data repository scanning in 37 ms. Found 10 JPA repository interfaces.
2022-03-10 01:13:29.470  INFO 74186 --- [restartedMain] o.s.b.w.embedded.tomcat.TomcatWebServer  : Tomcat initialized with port(s): 8081 (http)
2022-03-10 01:13:29.471  INFO 74186 --- [restartedMain] o.apache.catalina.core.StandardService   : Starting service [Tomcat]
2022-03-10 01:13:29.471  INFO 74186 --- [restartedMain] org.apache.catalina.core.StandardEngine  : Starting Servlet engine: [Apache Tomcat/9.0.56]
2022-03-10 01:13:29.479  INFO 74186 --- [restartedMain] o.a.c.c.C.[Tomcat].[localhost].[/Pidev]  : Initializing Spring embedded WebApplicationContext
2022-03-10 01:13:29.479  INFO 74186 --- [restartedMain] w.s.c.ServletWebServerApplicationContext : Root WebApplicationContext: initialization completed in 787 ms
2022-03-10 01:13:29.565  INFO 74186 --- [restartedMain] o.hibernate.jpa.internal.util.LogHelper  : HHH000204: Processing PersistenceUnitInfo [name: default]
2022-03-10 01:13:29.575  INFO 74186 --- [restartedMain] com.zaxxer.hikari.HikariDataSource       : HikariPool-7 - Starting...
2022-03-10 01:13:29.587  INFO 74186 --- [restartedMain] com.zaxxer.hikari.HikariDataSource       : HikariPool-7 - Start completed.
2022-03-10 01:13:29.587  INFO 74186 --- [restartedMain] org.hibernate.dialect.Dialect            : HHH000400: Using dialect: org.hibernate.dialect.MySQL5InnoDBDialect
2022-03-10 01:13:29.845  INFO 74186 --- [restartedMain] o.h.e.t.j.p.i.JtaPlatformInitiator       : HHH000490: Using JtaPlatform implementation: [org.hibernate.engine.transaction.jta.platform.internal.NoJtaPlatform]
2022-03-10 01:13:29.846  INFO 74186 --- [restartedMain] j.LocalContainerEntityManagerFactoryBean : Initialized JPA EntityManagerFactory for persistence unit 'default'
2022-03-10 01:13:30.144  WARN 74186 --- [restartedMain] JpaBaseConfiguration$JpaWebConfiguration : spring.jpa.open-in-view is enabled by default. Therefore, database queries may be performed during view rendering. Explicitly configure spring.jpa.open-in-view to disable this warning
2022-03-10 01:13:30.234  INFO 74186 --- [restartedMain] o.s.b.d.a.OptionalLiveReloadServer       : LiveReload server is running on port 35729
2022-03-10 01:13:30.332  INFO 74186 --- [restartedMain] o.s.b.w.embedded.tomcat.TomcatWebServer  : Tomcat started on port(s): 8081 (http) with context path '/Pidev'
2022-03-10 01:13:30.593  INFO 74186 --- [restartedMain] tn.esprit.PidevApplication               : Started PidevApplication in 22.074 seconds (JVM running for 2110.555)
2022-03-10 01:13:30.595  INFO 74186 --- [restartedMain] .ConditionEvaluationDeltaLoggingListener : Condition evaluation unchanged
2022-03-10 01:13:37.867  INFO 74186 --- [Thread-28] j.LocalContainerEntityManagerFactoryBean : Closing JPA EntityManagerFactory for persistence unit 'default'
2022-03-10 01:13:37.868  INFO 74186 --- [Thread-28] com.zaxxer.hikari.HikariDataSource       : HikariPool-7 - Shutdown initiated...
2022-03-10 01:13:37.872  INFO 74186 --- [Thread-28] com.zaxxer.hikari.HikariDataSource       : HikariPool-7 - Shutdown completed.
2022-03-10 01:13:53.179  WARN 74186 --- [restartedMain] o.s.boot.StartupInfoLogger               : InetAddress.getLocalHost().getHostName() took 5005 milliseconds to respond. Please verify your network configuration (macOS machines may need to add entries to /etc/hosts).
2022-03-10 01:13:58.185  INFO 74186 --- [restartedMain] tn.esprit.PidevApplication               : Starting PidevApplication using Java 1.8.0_281 on Derbalis-MacBook-Pro.local with PID 74186 (/Volumes/Work/pidev spring/Pidev_4SAE2/target/classes started by seif in /Volumes/Work/pidev spring/Pidev_4SAE2)
2022-03-10 01:13:58.187  INFO 74186 --- [restartedMain] tn.esprit.PidevApplication               : No active profile set, falling back to default profiles: default
2022-03-10 01:13:58.799  INFO 74186 --- [restartedMain] .s.d.r.c.RepositoryConfigurationDelegate : Bootstrapping Spring Data JPA repositories in DEFAULT mode.
2022-03-10 01:13:58.855  INFO 74186 --- [restartedMain] .s.d.r.c.RepositoryConfigurationDelegate : Finished Spring Data repository scanning in 55 ms. Found 10 JPA repository interfaces.
2022-03-10 01:13:59.255  INFO 74186 --- [restartedMain] o.s.b.w.embedded.tomcat.TomcatWebServer  : Tomcat initialized with port(s): 8081 (http)
2022-03-10 01:13:59.256  INFO 74186 --- [restartedMain] o.apache.catalina.core.StandardService   : Starting service [Tomcat]
2022-03-10 01:13:59.256  INFO 74186 --- [restartedMain] org.apache.catalina.core.StandardEngine  : Starting Servlet engine: [Apache Tomcat/9.0.56]
2022-03-10 01:13:59.280  INFO 74186 --- [restartedMain] o.a.c.c.C.[Tomcat].[localhost].[/Pidev]  : Initializing Spring embedded WebApplicationContext
2022-03-10 01:13:59.281  INFO 74186 --- [restartedMain] w.s.c.ServletWebServerApplicationContext : Root WebApplicationContext: initialization completed in 1091 ms
2022-03-10 01:13:59.499  INFO 74186 --- [restartedMain] o.hibernate.jpa.internal.util.LogHelper  : HHH000204: Processing PersistenceUnitInfo [name: default]
2022-03-10 01:13:59.511  INFO 74186 --- [restartedMain] com.zaxxer.hikari.HikariDataSource       : HikariPool-8 - Starting...
2022-03-10 01:13:59.515  INFO 74186 --- [restartedMain] com.zaxxer.hikari.HikariDataSource       : HikariPool-8 - Start completed.
2022-03-10 01:13:59.516  INFO 74186 --- [restartedMain] org.hibernate.dialect.Dialect            : HHH000400: Using dialect: org.hibernate.dialect.MySQL5InnoDBDialect
2022-03-10 01:13:59.831  INFO 74186 --- [restartedMain] o.h.e.t.j.p.i.JtaPlatformInitiator       : HHH000490: Using JtaPlatform implementation: [org.hibernate.engine.transaction.jta.platform.internal.NoJtaPlatform]
2022-03-10 01:13:59.831  INFO 74186 --- [restartedMain] j.LocalContainerEntityManagerFactoryBean : Initialized JPA EntityManagerFactory for persistence unit 'default'
2022-03-10 01:14:00.867  WARN 74186 --- [restartedMain] JpaBaseConfiguration$JpaWebConfiguration : spring.jpa.open-in-view is enabled by default. Therefore, database queries may be performed during view rendering. Explicitly configure spring.jpa.open-in-view to disable this warning
2022-03-10 01:14:01.026  INFO 74186 --- [restartedMain] o.s.b.d.a.OptionalLiveReloadServer       : LiveReload server is running on port 35729
2022-03-10 01:14:01.419  INFO 74186 --- [restartedMain] o.s.b.w.embedded.tomcat.TomcatWebServer  : Tomcat started on port(s): 8081 (http) with context path '/Pidev'
2022-03-10 01:14:02.337  INFO 74186 --- [restartedMain] tn.esprit.PidevApplication               : Started PidevApplication in 24.208 seconds (JVM running for 2142.299)
2022-03-10 01:14:02.340  INFO 74186 --- [restartedMain] .ConditionEvaluationDeltaLoggingListener : Condition evaluation unchanged
2022-03-10 01:14:41.098  INFO 74186 --- [http-nio-8081-exec-2] o.a.c.c.C.[Tomcat].[localhost].[/Pidev]  : Initializing Spring DispatcherServlet 'dispatcherServlet'
2022-03-10 01:14:41.111  INFO 74186 --- [http-nio-8081-exec-2] o.s.web.servlet.DispatcherServlet        : Initializing Servlet 'dispatcherServlet'
2022-03-10 01:14:41.143  INFO 74186 --- [http-nio-8081-exec-2] o.s.web.servlet.DispatcherServlet        : Completed initialization in 32 ms
2022-03-10 01:14:41.174 DEBUG 74186 --- [http-nio-8081-exec-2] org.hibernate.SQL                        : 
    select
        * 
    from
        comment c 
    where
        c.forum_id = ?
2022-03-10 01:14:41.179 TRACE 74186 --- [http-nio-8081-exec-2] o.h.type.descriptor.sql.BasicBinder      : binding parameter [1] as [BIGINT] - [13]
2022-03-10 01:14:41.187 DEBUG 74186 --- [http-nio-8081-exec-2] org.hibernate.SQL                        : 
    select
        forum0_.id as id1_4_0_,
        forum0_.contenu as contenu2_4_0_,
        forum0_.date as date3_4_0_,
        forum0_.userid as userid4_4_0_ 
    from
        forum forum0_ 
    where
        forum0_.id=?
2022-03-10 01:14:41.187 TRACE 74186 --- [http-nio-8081-exec-2] o.h.type.descriptor.sql.BasicBinder      : binding parameter [1] as [BIGINT] - [13]
2022-03-10 01:14:41.204 DEBUG 74186 --- [http-nio-8081-exec-2] org.hibernate.SQL                        : 
    select
        count(*) 
    from
        liked l 
    where
        l.etat = -1 
        and l.comment_id = ?
2022-03-10 01:14:41.204 TRACE 74186 --- [http-nio-8081-exec-2] o.h.type.descriptor.sql.BasicBinder      : binding parameter [1] as [BIGINT] - [7]
2022-03-10 01:14:41.208 DEBUG 74186 --- [http-nio-8081-exec-2] org.hibernate.SQL                        : 
    select
        count(*) 
    from
        liked l 
    where
        l.etat = 1 
        and l.comment_id = ?
2022-03-10 01:14:41.208 TRACE 74186 --- [http-nio-8081-exec-2] o.h.type.descriptor.sql.BasicBinder      : binding parameter [1] as [BIGINT] - [7]
2022-03-10 01:14:41.211 DEBUG 74186 --- [http-nio-8081-exec-2] org.hibernate.SQL                        : 
    select
        count(*) 
    from
        liked l 
    where
        l.etat = -1 
        and l.comment_id = ?
2022-03-10 01:14:41.211 TRACE 74186 --- [http-nio-8081-exec-2] o.h.type.descriptor.sql.BasicBinder      : binding parameter [1] as [BIGINT] - [8]
2022-03-10 01:14:41.221 DEBUG 74186 --- [http-nio-8081-exec-2] org.hibernate.SQL                        : 
    select
        count(*) 
    from
        liked l 
    where
        l.etat = 1 
        and l.comment_id = ?
2022-03-10 01:14:41.221 TRACE 74186 --- [http-nio-8081-exec-2] o.h.type.descriptor.sql.BasicBinder      : binding parameter [1] as [BIGINT] - [8]
2022-03-10 01:14:41.246 DEBUG 74186 --- [http-nio-8081-exec-2] org.hibernate.SQL                        : 
    select
        like0_.comment_id as comment_4_5_0_,
        like0_.id as id1_5_0_,
        like0_.id as id1_5_1_,
        like0_.comment_id as comment_4_5_1_,
        like0_.etat as etat2_5_1_,
        like0_.userid as userid3_5_1_ 
    from
        liked like0_ 
    where
        like0_.comment_id=?
2022-03-10 01:14:41.246 TRACE 74186 --- [http-nio-8081-exec-2] o.h.type.descriptor.sql.BasicBinder      : binding parameter [1] as [BIGINT] - [7]
2022-03-10 01:34:15.267  INFO 74186 --- [Thread-32] j.LocalContainerEntityManagerFactoryBean : Closing JPA EntityManagerFactory for persistence unit 'default'
2022-03-10 01:34:15.307  INFO 74186 --- [Thread-32] com.zaxxer.hikari.HikariDataSource       : HikariPool-8 - Shutdown initiated...
2022-03-10 01:34:15.326  INFO 74186 --- [Thread-32] com.zaxxer.hikari.HikariDataSource       : HikariPool-8 - Shutdown completed.
2022-03-10 01:34:31.889  WARN 74186 --- [restartedMain] o.s.boot.StartupInfoLogger               : InetAddress.getLocalHost().getHostName() took 5005 milliseconds to respond. Please verify your network configuration (macOS machines may need to add entries to /etc/hosts).
2022-03-10 01:34:36.896  INFO 74186 --- [restartedMain] tn.esprit.PidevApplication               : Starting PidevApplication using Java 1.8.0_281 on Derbalis-MacBook-Pro.local with PID 74186 (/Volumes/Work/pidev spring/Pidev_4SAE2/target/classes started by seif in /Volumes/Work/pidev spring/Pidev_4SAE2)
2022-03-10 01:34:36.896  INFO 74186 --- [restartedMain] tn.esprit.PidevApplication               : No active profile set, falling back to default profiles: default
2022-03-10 01:34:37.538  INFO 74186 --- [restartedMain] .s.d.r.c.RepositoryConfigurationDelegate : Bootstrapping Spring Data JPA repositories in DEFAULT mode.
2022-03-10 01:34:37.573  INFO 74186 --- [restartedMain] .s.d.r.c.RepositoryConfigurationDelegate : Finished Spring Data repository scanning in 34 ms. Found 10 JPA repository interfaces.
2022-03-10 01:34:38.134  INFO 74186 --- [restartedMain] o.s.b.w.embedded.tomcat.TomcatWebServer  : Tomcat initialized with port(s): 8081 (http)
2022-03-10 01:34:38.137  INFO 74186 --- [restartedMain] o.apache.catalina.core.StandardService   : Starting service [Tomcat]
2022-03-10 01:34:38.137  INFO 74186 --- [restartedMain] org.apache.catalina.core.StandardEngine  : Starting Servlet engine: [Apache Tomcat/9.0.56]
2022-03-10 01:34:38.148  INFO 74186 --- [restartedMain] o.a.c.c.C.[Tomcat].[localhost].[/Pidev]  : Initializing Spring embedded WebApplicationContext
2022-03-10 01:34:38.148  INFO 74186 --- [restartedMain] w.s.c.ServletWebServerApplicationContext : Root WebApplicationContext: initialization completed in 1240 ms
2022-03-10 01:34:38.267  INFO 74186 --- [restartedMain] o.hibernate.jpa.internal.util.LogHelper  : HHH000204: Processing PersistenceUnitInfo [name: default]
2022-03-10 01:34:38.280  INFO 74186 --- [restartedMain] com.zaxxer.hikari.HikariDataSource       : HikariPool-9 - Starting...
2022-03-10 01:34:38.358  INFO 74186 --- [restartedMain] com.zaxxer.hikari.HikariDataSource       : HikariPool-9 - Start completed.
2022-03-10 01:34:38.358  INFO 74186 --- [restartedMain] org.hibernate.dialect.Dialect            : HHH000400: Using dialect: org.hibernate.dialect.MySQL5InnoDBDialect
2022-03-10 01:34:38.815  INFO 74186 --- [restartedMain] o.h.e.t.j.p.i.JtaPlatformInitiator       : HHH000490: Using JtaPlatform implementation: [org.hibernate.engine.transaction.jta.platform.internal.NoJtaPlatform]
2022-03-10 01:34:38.815  INFO 74186 --- [restartedMain] j.LocalContainerEntityManagerFactoryBean : Initialized JPA EntityManagerFactory for persistence unit 'default'
2022-03-10 01:34:39.467  WARN 74186 --- [restartedMain] JpaBaseConfiguration$JpaWebConfiguration : spring.jpa.open-in-view is enabled by default. Therefore, database queries may be performed during view rendering. Explicitly configure spring.jpa.open-in-view to disable this warning
2022-03-10 01:34:39.593  INFO 74186 --- [restartedMain] o.s.b.d.a.OptionalLiveReloadServer       : LiveReload server is running on port 35729
2022-03-10 01:34:39.830  INFO 74186 --- [restartedMain] o.s.b.w.embedded.tomcat.TomcatWebServer  : Tomcat started on port(s): 8081 (http) with context path '/Pidev'
2022-03-10 01:34:40.444  INFO 74186 --- [restartedMain] tn.esprit.PidevApplication               : Started PidevApplication in 23.765 seconds (JVM running for 3380.397)
2022-03-10 01:34:40.447  INFO 74186 --- [restartedMain] .ConditionEvaluationDeltaLoggingListener : Condition evaluation unchanged
2022-03-10 01:34:49.453  INFO 74186 --- [http-nio-8081-exec-2] o.a.c.c.C.[Tomcat].[localhost].[/Pidev]  : Initializing Spring DispatcherServlet 'dispatcherServlet'
2022-03-10 01:34:49.457  INFO 74186 --- [http-nio-8081-exec-2] o.s.web.servlet.DispatcherServlet        : Initializing Servlet 'dispatcherServlet'
2022-03-10 01:34:49.461  INFO 74186 --- [http-nio-8081-exec-2] o.s.web.servlet.DispatcherServlet        : Completed initialization in 3 ms
2022-03-10 01:34:49.571 ERROR 74186 --- [http-nio-8081-exec-2] o.a.c.c.C.[.[.[.[dispatcherServlet]      : Servlet.service() for servlet [dispatcherServlet] in context with path [/Pidev] threw exception [Handler dispatch failed; nested exception is java.lang.Error: Unresolved compilation problems: 
	titre2 cannot be resolved to a variable
	table1 cannot be resolved to a variable
	separator cannot be resolved to a variable
	separator cannot be resolved to a variable
] with root cause

java.lang.Error: Unresolved compilation problems: 
	titre2 cannot be resolved to a variable
	table1 cannot be resolved to a variable
	separator cannot be resolved to a variable
	separator cannot be resolved to a variable

	at tn.esprit.services.PdfServiceImpl.toPDF(PdfServiceImpl.java:546) ~[classes/:na]
	at tn.esprit.controllers.AnswerController.toPDF(AnswerController.java:54) ~[classes/:na]
	at tn.esprit.controllers.AnswerController$$FastClassBySpringCGLIB$$8b68be10.invoke(<generated>) ~[classes/:na]
	at org.springframework.cglib.proxy.MethodProxy.invoke(MethodProxy.java:218) ~[spring-core-5.3.14.jar:5.3.14]
	at org.springframework.aop.framework.CglibAopProxy$CglibMethodInvocation.invokeJoinpoint(CglibAopProxy.java:783) ~[spring-aop-5.3.14.jar:5.3.14]
	at org.springframework.aop.framework.ReflectiveMethodInvocation.proceed(ReflectiveMethodInvocation.java:163) ~[spring-aop-5.3.14.jar:5.3.14]
	at org.springframework.aop.framework.CglibAopProxy$CglibMethodInvocation.proceed(CglibAopProxy.java:753) ~[spring-aop-5.3.14.jar:5.3.14]
	at org.springframework.transaction.interceptor.TransactionInterceptor$1.proceedWithInvocation(TransactionInterceptor.java:123) ~[spring-tx-5.3.14.jar:5.3.14]
	at org.springframework.transaction.interceptor.TransactionAspectSupport.invokeWithinTransaction(TransactionAspectSupport.java:388) ~[spring-tx-5.3.14.jar:5.3.14]
	at org.springframework.transaction.interceptor.TransactionInterceptor.invoke(TransactionInterceptor.java:119) ~[spring-tx-5.3.14.jar:5.3.14]
	at org.springframework.aop.framework.ReflectiveMethodInvocation.proceed(ReflectiveMethodInvocation.java:186) ~[spring-aop-5.3.14.jar:5.3.14]
	at org.springframework.aop.framework.CglibAopProxy$CglibMethodInvocation.proceed(CglibAopProxy.java:753) ~[spring-aop-5.3.14.jar:5.3.14]
	at org.springframework.aop.framework.CglibAopProxy$DynamicAdvisedInterceptor.intercept(CglibAopProxy.java:698) ~[spring-aop-5.3.14.jar:5.3.14]
	at tn.esprit.controllers.AnswerController$$EnhancerBySpringCGLIB$$eb9b1104.toPDF(<generated>) ~[classes/:na]
	at sun.reflect.NativeMethodAccessorImpl.invoke0(Native Method) ~[na:1.8.0_281]
	at sun.reflect.NativeMethodAccessorImpl.invoke(NativeMethodAccessorImpl.java:62) ~[na:1.8.0_281]
	at sun.reflect.DelegatingMethodAccessorImpl.invoke(DelegatingMethodAccessorImpl.java:43) ~[na:1.8.0_281]
	at java.lang.reflect.Method.invoke(Method.java:498) ~[na:1.8.0_281]
	at org.springframework.web.method.support.InvocableHandlerMethod.doInvoke(InvocableHandlerMethod.java:205) ~[spring-web-5.3.14.jar:5.3.14]
	at org.springframework.web.method.support.InvocableHandlerMethod.invokeForRequest(InvocableHandlerMethod.java:150) ~[spring-web-5.3.14.jar:5.3.14]
	at org.springframework.web.servlet.mvc.method.annotation.ServletInvocableHandlerMethod.invokeAndHandle(ServletInvocableHandlerMethod.java:117) ~[spring-webmvc-5.3.14.jar:5.3.14]
	at org.springframework.web.servlet.mvc.method.annotation.RequestMappingHandlerAdapter.invokeHandlerMethod(RequestMappingHandlerAdapter.java:895) ~[spring-webmvc-5.3.14.jar:5.3.14]
	at org.springframework.web.servlet.mvc.method.annotation.RequestMappingHandlerAdapter.handleInternal(RequestMappingHandlerAdapter.java:808) ~[spring-webmvc-5.3.14.jar:5.3.14]
	at org.springframework.web.servlet.mvc.method.AbstractHandlerMethodAdapter.handle(AbstractHandlerMethodAdapter.java:87) ~[spring-webmvc-5.3.14.jar:5.3.14]
	at org.springframework.web.servlet.DispatcherServlet.doDispatch(DispatcherServlet.java:1067) ~[spring-webmvc-5.3.14.jar:5.3.14]
	at org.springframework.web.servlet.DispatcherServlet.doService(DispatcherServlet.java:963) ~[spring-webmvc-5.3.14.jar:5.3.14]
	at org.springframework.web.servlet.FrameworkServlet.processRequest(FrameworkServlet.java:1006) ~[spring-webmvc-5.3.14.jar:5.3.14]
	at org.springframework.web.servlet.FrameworkServlet.doGet(FrameworkServlet.java:898) ~[spring-webmvc-5.3.14.jar:5.3.14]
	at javax.servlet.http.HttpServlet.service(HttpServlet.java:655) ~[tomcat-embed-core-9.0.56.jar:4.0.FR]
	at org.springframework.web.servlet.FrameworkServlet.service(FrameworkServlet.java:883) ~[spring-webmvc-5.3.14.jar:5.3.14]
	at javax.servlet.http.HttpServlet.service(HttpServlet.java:764) ~[tomcat-embed-core-9.0.56.jar:4.0.FR]
	at org.apache.catalina.core.ApplicationFilterChain.internalDoFilter(ApplicationFilterChain.java:227) ~[tomcat-embed-core-9.0.56.jar:9.0.56]
	at org.apache.catalina.core.ApplicationFilterChain.doFilter(ApplicationFilterChain.java:162) ~[tomcat-embed-core-9.0.56.jar:9.0.56]
	at org.apache.tomcat.websocket.server.WsFilter.doFilter(WsFilter.java:53) ~[tomcat-embed-websocket-9.0.56.jar:9.0.56]
	at org.apache.catalina.core.ApplicationFilterChain.internalDoFilter(ApplicationFilterChain.java:189) ~[tomcat-embed-core-9.0.56.jar:9.0.56]
	at org.apache.catalina.core.ApplicationFilterChain.doFilter(ApplicationFilterChain.java:162) ~[tomcat-embed-core-9.0.56.jar:9.0.56]
	at org.springframework.web.filter.CharacterEncodingFilter.doFilterInternal(CharacterEncodingFilter.java:201) ~[spring-web-5.3.14.jar:5.3.14]
	at org.springframework.web.filter.OncePerRequestFilter.doFilter(OncePerRequestFilter.java:117) ~[spring-web-5.3.14.jar:5.3.14]
	at org.apache.catalina.core.ApplicationFilterChain.internalDoFilter(ApplicationFilterChain.java:189) ~[tomcat-embed-core-9.0.56.jar:9.0.56]
	at org.apache.catalina.core.ApplicationFilterChain.doFilter(ApplicationFilterChain.java:162) ~[tomcat-embed-core-9.0.56.jar:9.0.56]
	at org.apache.catalina.core.StandardWrapperValve.invoke(StandardWrapperValve.java:197) ~[tomcat-embed-core-9.0.56.jar:9.0.56]
	at org.apache.catalina.core.StandardContextValve.invoke(StandardContextValve.java:97) [tomcat-embed-core-9.0.56.jar:9.0.56]
	at org.apache.catalina.authenticator.AuthenticatorBase.invoke(AuthenticatorBase.java:540) [tomcat-embed-core-9.0.56.jar:9.0.56]
	at org.apache.catalina.core.StandardHostValve.invoke(StandardHostValve.java:135) [tomcat-embed-core-9.0.56.jar:9.0.56]
	at org.apache.catalina.valves.ErrorReportValve.invoke(ErrorReportValve.java:92) [tomcat-embed-core-9.0.56.jar:9.0.56]
	at org.apache.catalina.core.StandardEngineValve.invoke(StandardEngineValve.java:78) [tomcat-embed-core-9.0.56.jar:9.0.56]
	at org.apache.catalina.connector.CoyoteAdapter.service(CoyoteAdapter.java:357) [tomcat-embed-core-9.0.56.jar:9.0.56]
	at org.apache.coyote.http11.Http11Processor.service(Http11Processor.java:382) [tomcat-embed-core-9.0.56.jar:9.0.56]
	at org.apache.coyote.AbstractProcessorLight.process(AbstractProcessorLight.java:65) [tomcat-embed-core-9.0.56.jar:9.0.56]
	at org.apache.coyote.AbstractProtocol$ConnectionHandler.process(AbstractProtocol.java:895) [tomcat-embed-core-9.0.56.jar:9.0.56]
	at org.apache.tomcat.util.net.NioEndpoint$SocketProcessor.doRun(NioEndpoint.java:1732) [tomcat-embed-core-9.0.56.jar:9.0.56]
	at org.apache.tomcat.util.net.SocketProcessorBase.run(SocketProcessorBase.java:49) [tomcat-embed-core-9.0.56.jar:9.0.56]
	at org.apache.tomcat.util.threads.ThreadPoolExecutor.runWorker(ThreadPoolExecutor.java:1191) [tomcat-embed-core-9.0.56.jar:9.0.56]
	at org.apache.tomcat.util.threads.ThreadPoolExecutor$Worker.run(ThreadPoolExecutor.java:659) [tomcat-embed-core-9.0.56.jar:9.0.56]
	at org.apache.tomcat.util.threads.TaskThread$WrappingRunnable.run(TaskThread.java:61) [tomcat-embed-core-9.0.56.jar:9.0.56]
	at java.lang.Thread.run(Thread.java:748) [na:1.8.0_281]

2022-03-10 01:35:29.693  INFO 74186 --- [Thread-36] j.LocalContainerEntityManagerFactoryBean : Closing JPA EntityManagerFactory for persistence unit 'default'
2022-03-10 01:35:29.700  INFO 74186 --- [Thread-36] com.zaxxer.hikari.HikariDataSource       : HikariPool-9 - Shutdown initiated...
2022-03-10 01:35:29.707  INFO 74186 --- [Thread-36] com.zaxxer.hikari.HikariDataSource       : HikariPool-9 - Shutdown completed.
2022-03-10 01:35:45.613  WARN 74186 --- [restartedMain] o.s.boot.StartupInfoLogger               : InetAddress.getLocalHost().getHostName() took 5028 milliseconds to respond. Please verify your network configuration (macOS machines may need to add entries to /etc/hosts).
2022-03-10 01:35:50.630  INFO 74186 --- [restartedMain] tn.esprit.PidevApplication               : Starting PidevApplication using Java 1.8.0_281 on Derbalis-MacBook-Pro.local with PID 74186 (/Volumes/Work/pidev spring/Pidev_4SAE2/target/classes started by seif in /Volumes/Work/pidev spring/Pidev_4SAE2)
2022-03-10 01:35:50.630  INFO 74186 --- [restartedMain] tn.esprit.PidevApplication               : No active profile set, falling back to default profiles: default
2022-03-10 01:35:51.397  INFO 74186 --- [restartedMain] .s.d.r.c.RepositoryConfigurationDelegate : Bootstrapping Spring Data JPA repositories in DEFAULT mode.
2022-03-10 01:35:51.428  INFO 74186 --- [restartedMain] .s.d.r.c.RepositoryConfigurationDelegate : Finished Spring Data repository scanning in 30 ms. Found 10 JPA repository interfaces.
2022-03-10 01:35:51.661  INFO 74186 --- [restartedMain] o.s.b.w.embedded.tomcat.TomcatWebServer  : Tomcat initialized with port(s): 8081 (http)
2022-03-10 01:35:51.663  INFO 74186 --- [restartedMain] o.apache.catalina.core.StandardService   : Starting service [Tomcat]
2022-03-10 01:35:51.663  INFO 74186 --- [restartedMain] org.apache.catalina.core.StandardEngine  : Starting Servlet engine: [Apache Tomcat/9.0.56]
2022-03-10 01:35:51.670  INFO 74186 --- [restartedMain] o.a.c.c.C.[Tomcat].[localhost].[/Pidev]  : Initializing Spring embedded WebApplicationContext
2022-03-10 01:35:51.670  INFO 74186 --- [restartedMain] w.s.c.ServletWebServerApplicationContext : Root WebApplicationContext: initialization completed in 1035 ms
2022-03-10 01:35:51.745  INFO 74186 --- [restartedMain] o.hibernate.jpa.internal.util.LogHelper  : HHH000204: Processing PersistenceUnitInfo [name: default]
2022-03-10 01:35:51.758  INFO 74186 --- [restartedMain] com.zaxxer.hikari.HikariDataSource       : HikariPool-10 - Starting...
2022-03-10 01:35:51.762  INFO 74186 --- [restartedMain] com.zaxxer.hikari.HikariDataSource       : HikariPool-10 - Start completed.
2022-03-10 01:35:51.763  INFO 74186 --- [restartedMain] org.hibernate.dialect.Dialect            : HHH000400: Using dialect: org.hibernate.dialect.MySQL5InnoDBDialect
2022-03-10 01:35:52.199  INFO 74186 --- [restartedMain] o.h.e.t.j.p.i.JtaPlatformInitiator       : HHH000490: Using JtaPlatform implementation: [org.hibernate.engine.transaction.jta.platform.internal.NoJtaPlatform]
2022-03-10 01:35:52.201  INFO 74186 --- [restartedMain] j.LocalContainerEntityManagerFactoryBean : Initialized JPA EntityManagerFactory for persistence unit 'default'
2022-03-10 01:35:52.518  WARN 74186 --- [restartedMain] JpaBaseConfiguration$JpaWebConfiguration : spring.jpa.open-in-view is enabled by default. Therefore, database queries may be performed during view rendering. Explicitly configure spring.jpa.open-in-view to disable this warning
2022-03-10 01:35:52.599  INFO 74186 --- [restartedMain] o.s.b.d.a.OptionalLiveReloadServer       : LiveReload server is running on port 35729
2022-03-10 01:35:52.725  INFO 74186 --- [restartedMain] o.s.b.w.embedded.tomcat.TomcatWebServer  : Tomcat started on port(s): 8081 (http) with context path '/Pidev'
2022-03-10 01:35:53.061  INFO 74186 --- [restartedMain] tn.esprit.PidevApplication               : Started PidevApplication in 22.549 seconds (JVM running for 3453.014)
2022-03-10 01:35:53.063  INFO 74186 --- [restartedMain] .ConditionEvaluationDeltaLoggingListener : Condition evaluation unchanged
2022-03-10 01:36:20.598  INFO 74186 --- [http-nio-8081-exec-2] o.a.c.c.C.[Tomcat].[localhost].[/Pidev]  : Initializing Spring DispatcherServlet 'dispatcherServlet'
2022-03-10 01:36:20.608  INFO 74186 --- [http-nio-8081-exec-2] o.s.web.servlet.DispatcherServlet        : Initializing Servlet 'dispatcherServlet'
2022-03-10 01:36:20.610  INFO 74186 --- [http-nio-8081-exec-2] o.s.web.servlet.DispatcherServlet        : Completed initialization in 2 ms
2022-03-10 01:36:20.665 DEBUG 74186 --- [http-nio-8081-exec-2] org.hibernate.SQL                        : 
    select
        quizz0_.id as id1_8_,
        quizz0_.description as descript2_8_,
        quizz0_.questionnumber as question3_8_ 
    from
        quizz quizz0_
2022-03-10 01:41:25.311  INFO 74186 --- [Thread-40] j.LocalContainerEntityManagerFactoryBean : Closing JPA EntityManagerFactory for persistence unit 'default'
2022-03-10 01:41:25.316  INFO 74186 --- [Thread-40] com.zaxxer.hikari.HikariDataSource       : HikariPool-10 - Shutdown initiated...
2022-03-10 01:41:25.333  INFO 74186 --- [Thread-40] com.zaxxer.hikari.HikariDataSource       : HikariPool-10 - Shutdown completed.
2022-03-10 01:41:41.010  WARN 74186 --- [restartedMain] o.s.boot.StartupInfoLogger               : InetAddress.getLocalHost().getHostName() took 5006 milliseconds to respond. Please verify your network configuration (macOS machines may need to add entries to /etc/hosts).
2022-03-10 01:41:46.013  INFO 74186 --- [restartedMain] tn.esprit.PidevApplication               : Starting PidevApplication using Java 1.8.0_281 on Derbalis-MacBook-Pro.local with PID 74186 (/Volumes/Work/pidev spring/Pidev_4SAE2/target/classes started by seif in /Volumes/Work/pidev spring/Pidev_4SAE2)
2022-03-10 01:41:46.014  INFO 74186 --- [restartedMain] tn.esprit.PidevApplication               : No active profile set, falling back to default profiles: default
2022-03-10 01:41:46.616  INFO 74186 --- [restartedMain] .s.d.r.c.RepositoryConfigurationDelegate : Bootstrapping Spring Data JPA repositories in DEFAULT mode.
2022-03-10 01:41:46.667  INFO 74186 --- [restartedMain] .s.d.r.c.RepositoryConfigurationDelegate : Finished Spring Data repository scanning in 49 ms. Found 10 JPA repository interfaces.
2022-03-10 01:41:46.916  INFO 74186 --- [restartedMain] o.s.b.w.embedded.tomcat.TomcatWebServer  : Tomcat initialized with port(s): 8081 (http)
2022-03-10 01:41:46.917  INFO 74186 --- [restartedMain] o.apache.catalina.core.StandardService   : Starting service [Tomcat]
2022-03-10 01:41:46.917  INFO 74186 --- [restartedMain] org.apache.catalina.core.StandardEngine  : Starting Servlet engine: [Apache Tomcat/9.0.56]
2022-03-10 01:41:46.928  INFO 74186 --- [restartedMain] o.a.c.c.C.[Tomcat].[localhost].[/Pidev]  : Initializing Spring embedded WebApplicationContext
2022-03-10 01:41:46.928  INFO 74186 --- [restartedMain] w.s.c.ServletWebServerApplicationContext : Root WebApplicationContext: initialization completed in 909 ms
2022-03-10 01:41:47.003  INFO 74186 --- [restartedMain] o.hibernate.jpa.internal.util.LogHelper  : HHH000204: Processing PersistenceUnitInfo [name: default]
2022-03-10 01:41:47.016  INFO 74186 --- [restartedMain] com.zaxxer.hikari.HikariDataSource       : HikariPool-11 - Starting...
2022-03-10 01:41:47.026  INFO 74186 --- [restartedMain] com.zaxxer.hikari.HikariDataSource       : HikariPool-11 - Start completed.
2022-03-10 01:41:47.027  INFO 74186 --- [restartedMain] org.hibernate.dialect.Dialect            : HHH000400: Using dialect: org.hibernate.dialect.MySQL5InnoDBDialect
2022-03-10 01:41:47.190  INFO 74186 --- [restartedMain] o.h.e.t.j.p.i.JtaPlatformInitiator       : HHH000490: Using JtaPlatform implementation: [org.hibernate.engine.transaction.jta.platform.internal.NoJtaPlatform]
2022-03-10 01:41:47.190  INFO 74186 --- [restartedMain] j.LocalContainerEntityManagerFactoryBean : Initialized JPA EntityManagerFactory for persistence unit 'default'
2022-03-10 01:41:47.474  WARN 74186 --- [restartedMain] JpaBaseConfiguration$JpaWebConfiguration : spring.jpa.open-in-view is enabled by default. Therefore, database queries may be performed during view rendering. Explicitly configure spring.jpa.open-in-view to disable this warning
2022-03-10 01:41:47.536  INFO 74186 --- [restartedMain] o.s.b.d.a.OptionalLiveReloadServer       : LiveReload server is running on port 35729
2022-03-10 01:41:47.625  INFO 74186 --- [restartedMain] o.s.b.w.embedded.tomcat.TomcatWebServer  : Tomcat started on port(s): 8081 (http) with context path '/Pidev'
2022-03-10 01:41:47.824  INFO 74186 --- [restartedMain] tn.esprit.PidevApplication               : Started PidevApplication in 21.867 seconds (JVM running for 3807.864)
2022-03-10 01:41:47.826  INFO 74186 --- [restartedMain] .ConditionEvaluationDeltaLoggingListener : Condition evaluation unchanged
2022-03-10 01:44:35.233  INFO 74186 --- [Thread-44] j.LocalContainerEntityManagerFactoryBean : Closing JPA EntityManagerFactory for persistence unit 'default'
2022-03-10 01:44:35.247  INFO 74186 --- [Thread-44] com.zaxxer.hikari.HikariDataSource       : HikariPool-11 - Shutdown initiated...
2022-03-10 01:44:35.303  INFO 74186 --- [Thread-44] com.zaxxer.hikari.HikariDataSource       : HikariPool-11 - Shutdown completed.
2022-03-10 01:44:51.015  WARN 74186 --- [restartedMain] o.s.boot.StartupInfoLogger               : InetAddress.getLocalHost().getHostName() took 5003 milliseconds to respond. Please verify your network configuration (macOS machines may need to add entries to /etc/hosts).
2022-03-10 01:44:56.020  INFO 74186 --- [restartedMain] tn.esprit.PidevApplication               : Starting PidevApplication using Java 1.8.0_281 on Derbalis-MacBook-Pro.local with PID 74186 (/Volumes/Work/pidev spring/Pidev_4SAE2/target/classes started by seif in /Volumes/Work/pidev spring/Pidev_4SAE2)
2022-03-10 01:44:56.020  INFO 74186 --- [restartedMain] tn.esprit.PidevApplication               : No active profile set, falling back to default profiles: default
2022-03-10 01:44:56.397  INFO 74186 --- [restartedMain] .s.d.r.c.RepositoryConfigurationDelegate : Bootstrapping Spring Data JPA repositories in DEFAULT mode.
2022-03-10 01:44:56.430  INFO 74186 --- [restartedMain] .s.d.r.c.RepositoryConfigurationDelegate : Finished Spring Data repository scanning in 32 ms. Found 10 JPA repository interfaces.
2022-03-10 01:44:56.668  INFO 74186 --- [restartedMain] o.s.b.w.embedded.tomcat.TomcatWebServer  : Tomcat initialized with port(s): 8081 (http)
2022-03-10 01:44:56.669  INFO 74186 --- [restartedMain] o.apache.catalina.core.StandardService   : Starting service [Tomcat]
2022-03-10 01:44:56.669  INFO 74186 --- [restartedMain] org.apache.catalina.core.StandardEngine  : Starting Servlet engine: [Apache Tomcat/9.0.56]
2022-03-10 01:44:56.675  INFO 74186 --- [restartedMain] o.a.c.c.C.[Tomcat].[localhost].[/Pidev]  : Initializing Spring embedded WebApplicationContext
2022-03-10 01:44:56.675  INFO 74186 --- [restartedMain] w.s.c.ServletWebServerApplicationContext : Root WebApplicationContext: initialization completed in 651 ms
2022-03-10 01:44:56.714  INFO 74186 --- [restartedMain] o.hibernate.jpa.internal.util.LogHelper  : HHH000204: Processing PersistenceUnitInfo [name: default]
2022-03-10 01:44:56.720  INFO 74186 --- [restartedMain] com.zaxxer.hikari.HikariDataSource       : HikariPool-12 - Starting...
2022-03-10 01:44:56.724  INFO 74186 --- [restartedMain] com.zaxxer.hikari.HikariDataSource       : HikariPool-12 - Start completed.
2022-03-10 01:44:56.725  INFO 74186 --- [restartedMain] org.hibernate.dialect.Dialect            : HHH000400: Using dialect: org.hibernate.dialect.MySQL5InnoDBDialect
2022-03-10 01:44:56.867  INFO 74186 --- [restartedMain] o.h.e.t.j.p.i.JtaPlatformInitiator       : HHH000490: Using JtaPlatform implementation: [org.hibernate.engine.transaction.jta.platform.internal.NoJtaPlatform]
2022-03-10 01:44:56.867  INFO 74186 --- [restartedMain] j.LocalContainerEntityManagerFactoryBean : Initialized JPA EntityManagerFactory for persistence unit 'default'
2022-03-10 01:44:57.159  WARN 74186 --- [restartedMain] JpaBaseConfiguration$JpaWebConfiguration : spring.jpa.open-in-view is enabled by default. Therefore, database queries may be performed during view rendering. Explicitly configure spring.jpa.open-in-view to disable this warning
2022-03-10 01:44:57.239  INFO 74186 --- [restartedMain] o.s.b.d.a.OptionalLiveReloadServer       : LiveReload server is running on port 35729
2022-03-10 01:44:57.327  INFO 74186 --- [restartedMain] o.s.b.w.embedded.tomcat.TomcatWebServer  : Tomcat started on port(s): 8081 (http) with context path '/Pidev'
2022-03-10 01:44:57.557  INFO 74186 --- [restartedMain] tn.esprit.PidevApplication               : Started PidevApplication in 21.596 seconds (JVM running for 3997.598)
2022-03-10 01:44:57.559  INFO 74186 --- [restartedMain] .ConditionEvaluationDeltaLoggingListener : Condition evaluation unchanged
2022-03-10 01:44:58.740  INFO 74186 --- [Thread-48] j.LocalContainerEntityManagerFactoryBean : Closing JPA EntityManagerFactory for persistence unit 'default'
2022-03-10 01:44:58.740  INFO 74186 --- [Thread-48] com.zaxxer.hikari.HikariDataSource       : HikariPool-12 - Shutdown initiated...
2022-03-10 01:44:58.743  INFO 74186 --- [Thread-48] com.zaxxer.hikari.HikariDataSource       : HikariPool-12 - Shutdown completed.
2022-03-10 01:45:13.939  WARN 74186 --- [restartedMain] o.s.boot.StartupInfoLogger               : InetAddress.getLocalHost().getHostName() took 5004 milliseconds to respond. Please verify your network configuration (macOS machines may need to add entries to /etc/hosts).
2022-03-10 01:45:18.944  INFO 74186 --- [restartedMain] tn.esprit.PidevApplication               : Starting PidevApplication using Java 1.8.0_281 on Derbalis-MacBook-Pro.local with PID 74186 (/Volumes/Work/pidev spring/Pidev_4SAE2/target/classes started by seif in /Volumes/Work/pidev spring/Pidev_4SAE2)
2022-03-10 01:45:18.945  INFO 74186 --- [restartedMain] tn.esprit.PidevApplication               : No active profile set, falling back to default profiles: default
2022-03-10 01:45:19.216  INFO 74186 --- [restartedMain] .s.d.r.c.RepositoryConfigurationDelegate : Bootstrapping Spring Data JPA repositories in DEFAULT mode.
2022-03-10 01:45:19.245  INFO 74186 --- [restartedMain] .s.d.r.c.RepositoryConfigurationDelegate : Finished Spring Data repository scanning in 28 ms. Found 10 JPA repository interfaces.
2022-03-10 01:45:19.370  INFO 74186 --- [restartedMain] o.s.b.w.embedded.tomcat.TomcatWebServer  : Tomcat initialized with port(s): 8081 (http)
2022-03-10 01:45:19.371  INFO 74186 --- [restartedMain] o.apache.catalina.core.StandardService   : Starting service [Tomcat]
2022-03-10 01:45:19.371  INFO 74186 --- [restartedMain] org.apache.catalina.core.StandardEngine  : Starting Servlet engine: [Apache Tomcat/9.0.56]
2022-03-10 01:45:19.377  INFO 74186 --- [restartedMain] o.a.c.c.C.[Tomcat].[localhost].[/Pidev]  : Initializing Spring embedded WebApplicationContext
2022-03-10 01:45:19.378  INFO 74186 --- [restartedMain] w.s.c.ServletWebServerApplicationContext : Root WebApplicationContext: initialization completed in 429 ms
2022-03-10 01:45:19.411  INFO 74186 --- [restartedMain] o.hibernate.jpa.internal.util.LogHelper  : HHH000204: Processing PersistenceUnitInfo [name: default]
2022-03-10 01:45:19.416  INFO 74186 --- [restartedMain] com.zaxxer.hikari.HikariDataSource       : HikariPool-13 - Starting...
2022-03-10 01:45:19.419  INFO 74186 --- [restartedMain] com.zaxxer.hikari.HikariDataSource       : HikariPool-13 - Start completed.
2022-03-10 01:45:19.419  INFO 74186 --- [restartedMain] org.hibernate.dialect.Dialect            : HHH000400: Using dialect: org.hibernate.dialect.MySQL5InnoDBDialect
2022-03-10 01:45:19.548  INFO 74186 --- [restartedMain] o.h.e.t.j.p.i.JtaPlatformInitiator       : HHH000490: Using JtaPlatform implementation: [org.hibernate.engine.transaction.jta.platform.internal.NoJtaPlatform]
2022-03-10 01:45:19.549  INFO 74186 --- [restartedMain] j.LocalContainerEntityManagerFactoryBean : Initialized JPA EntityManagerFactory for persistence unit 'default'
2022-03-10 01:45:19.783  WARN 74186 --- [restartedMain] JpaBaseConfiguration$JpaWebConfiguration : spring.jpa.open-in-view is enabled by default. Therefore, database queries may be performed during view rendering. Explicitly configure spring.jpa.open-in-view to disable this warning
2022-03-10 01:45:19.845  INFO 74186 --- [restartedMain] o.s.b.d.a.OptionalLiveReloadServer       : LiveReload server is running on port 35729
2022-03-10 01:45:19.914  INFO 74186 --- [restartedMain] o.s.b.w.embedded.tomcat.TomcatWebServer  : Tomcat started on port(s): 8081 (http) with context path '/Pidev'
2022-03-10 01:45:20.043  INFO 74186 --- [restartedMain] tn.esprit.PidevApplication               : Started PidevApplication in 21.136 seconds (JVM running for 4020.084)
2022-03-10 01:45:20.047  INFO 74186 --- [restartedMain] .ConditionEvaluationDeltaLoggingListener : Condition evaluation unchanged
2022-03-10 01:45:35.542  INFO 74186 --- [Thread-52] j.LocalContainerEntityManagerFactoryBean : Closing JPA EntityManagerFactory for persistence unit 'default'
2022-03-10 01:45:35.545  INFO 74186 --- [Thread-52] com.zaxxer.hikari.HikariDataSource       : HikariPool-13 - Shutdown initiated...
2022-03-10 01:45:35.554  INFO 74186 --- [Thread-52] com.zaxxer.hikari.HikariDataSource       : HikariPool-13 - Shutdown completed.
2022-03-10 01:45:50.955  WARN 74186 --- [restartedMain] o.s.boot.StartupInfoLogger               : InetAddress.getLocalHost().getHostName() took 5009 milliseconds to respond. Please verify your network configuration (macOS machines may need to add entries to /etc/hosts).
2022-03-10 01:45:55.959  INFO 74186 --- [restartedMain] tn.esprit.PidevApplication               : Starting PidevApplication using Java 1.8.0_281 on Derbalis-MacBook-Pro.local with PID 74186 (/Volumes/Work/pidev spring/Pidev_4SAE2/target/classes started by seif in /Volumes/Work/pidev spring/Pidev_4SAE2)
2022-03-10 01:45:55.965  INFO 74186 --- [restartedMain] tn.esprit.PidevApplication               : No active profile set, falling back to default profiles: default
2022-03-10 01:45:56.570  INFO 74186 --- [restartedMain] .s.d.r.c.RepositoryConfigurationDelegate : Bootstrapping Spring Data JPA repositories in DEFAULT mode.
2022-03-10 01:45:56.646  INFO 74186 --- [restartedMain] .s.d.r.c.RepositoryConfigurationDelegate : Finished Spring Data repository scanning in 75 ms. Found 10 JPA repository interfaces.
2022-03-10 01:45:56.968  INFO 74186 --- [restartedMain] o.s.b.w.embedded.tomcat.TomcatWebServer  : Tomcat initialized with port(s): 8081 (http)
2022-03-10 01:45:56.971  INFO 74186 --- [restartedMain] o.apache.catalina.core.StandardService   : Starting service [Tomcat]
2022-03-10 01:45:56.972  INFO 74186 --- [restartedMain] org.apache.catalina.core.StandardEngine  : Starting Servlet engine: [Apache Tomcat/9.0.56]
2022-03-10 01:45:56.982  INFO 74186 --- [restartedMain] o.a.c.c.C.[Tomcat].[localhost].[/Pidev]  : Initializing Spring embedded WebApplicationContext
2022-03-10 01:45:56.982  INFO 74186 --- [restartedMain] w.s.c.ServletWebServerApplicationContext : Root WebApplicationContext: initialization completed in 1013 ms
2022-03-10 01:45:57.046  INFO 74186 --- [restartedMain] o.hibernate.jpa.internal.util.LogHelper  : HHH000204: Processing PersistenceUnitInfo [name: default]
2022-03-10 01:45:57.055  INFO 74186 --- [restartedMain] com.zaxxer.hikari.HikariDataSource       : HikariPool-14 - Starting...
2022-03-10 01:45:57.071  INFO 74186 --- [restartedMain] com.zaxxer.hikari.HikariDataSource       : HikariPool-14 - Start completed.
2022-03-10 01:45:57.072  INFO 74186 --- [restartedMain] org.hibernate.dialect.Dialect            : HHH000400: Using dialect: org.hibernate.dialect.MySQL5InnoDBDialect
2022-03-10 01:45:57.288  INFO 74186 --- [restartedMain] o.h.e.t.j.p.i.JtaPlatformInitiator       : HHH000490: Using JtaPlatform implementation: [org.hibernate.engine.transaction.jta.platform.internal.NoJtaPlatform]
2022-03-10 01:45:57.288  INFO 74186 --- [restartedMain] j.LocalContainerEntityManagerFactoryBean : Initialized JPA EntityManagerFactory for persistence unit 'default'
2022-03-10 01:45:57.863  WARN 74186 --- [restartedMain] JpaBaseConfiguration$JpaWebConfiguration : spring.jpa.open-in-view is enabled by default. Therefore, database queries may be performed during view rendering. Explicitly configure spring.jpa.open-in-view to disable this warning
2022-03-10 01:45:57.977  INFO 74186 --- [restartedMain] o.s.b.d.a.OptionalLiveReloadServer       : LiveReload server is running on port 35729
2022-03-10 01:45:58.100  INFO 74186 --- [restartedMain] o.s.b.w.embedded.tomcat.TomcatWebServer  : Tomcat started on port(s): 8081 (http) with context path '/Pidev'
2022-03-10 01:45:58.370  INFO 74186 --- [restartedMain] tn.esprit.PidevApplication               : Started PidevApplication in 22.49 seconds (JVM running for 4058.411)
2022-03-10 01:45:58.372  INFO 74186 --- [restartedMain] .ConditionEvaluationDeltaLoggingListener : Condition evaluation unchanged
2022-03-10 01:45:59.530  INFO 74186 --- [Thread-56] j.LocalContainerEntityManagerFactoryBean : Closing JPA EntityManagerFactory for persistence unit 'default'
2022-03-10 01:45:59.531  INFO 74186 --- [Thread-56] com.zaxxer.hikari.HikariDataSource       : HikariPool-14 - Shutdown initiated...
2022-03-10 01:45:59.546  INFO 74186 --- [Thread-56] com.zaxxer.hikari.HikariDataSource       : HikariPool-14 - Shutdown completed.
2022-03-10 01:46:14.839  WARN 74186 --- [restartedMain] o.s.boot.StartupInfoLogger               : InetAddress.getLocalHost().getHostName() took 5007 milliseconds to respond. Please verify your network configuration (macOS machines may need to add entries to /etc/hosts).
2022-03-10 01:46:19.916  INFO 74186 --- [restartedMain] tn.esprit.PidevApplication               : Starting PidevApplication using Java 1.8.0_281 on Derbalis-MacBook-Pro.local with PID 74186 (/Volumes/Work/pidev spring/Pidev_4SAE2/target/classes started by seif in /Volumes/Work/pidev spring/Pidev_4SAE2)
2022-03-10 01:46:19.917  INFO 74186 --- [restartedMain] tn.esprit.PidevApplication               : No active profile set, falling back to default profiles: default
2022-03-10 01:46:20.546  INFO 74186 --- [restartedMain] .s.d.r.c.RepositoryConfigurationDelegate : Bootstrapping Spring Data JPA repositories in DEFAULT mode.
2022-03-10 01:46:20.619  INFO 74186 --- [restartedMain] .s.d.r.c.RepositoryConfigurationDelegate : Finished Spring Data repository scanning in 71 ms. Found 10 JPA repository interfaces.
2022-03-10 01:46:21.032  INFO 74186 --- [restartedMain] o.s.b.w.embedded.tomcat.TomcatWebServer  : Tomcat initialized with port(s): 8081 (http)
2022-03-10 01:46:21.033  INFO 74186 --- [restartedMain] o.apache.catalina.core.StandardService   : Starting service [Tomcat]
2022-03-10 01:46:21.033  INFO 74186 --- [restartedMain] org.apache.catalina.core.StandardEngine  : Starting Servlet engine: [Apache Tomcat/9.0.56]
2022-03-10 01:46:21.042  INFO 74186 --- [restartedMain] o.a.c.c.C.[Tomcat].[localhost].[/Pidev]  : Initializing Spring embedded WebApplicationContext
2022-03-10 01:46:21.042  INFO 74186 --- [restartedMain] w.s.c.ServletWebServerApplicationContext : Root WebApplicationContext: initialization completed in 1100 ms
2022-03-10 01:46:21.092  INFO 74186 --- [restartedMain] o.hibernate.jpa.internal.util.LogHelper  : HHH000204: Processing PersistenceUnitInfo [name: default]
2022-03-10 01:46:21.100  INFO 74186 --- [restartedMain] com.zaxxer.hikari.HikariDataSource       : HikariPool-15 - Starting...
2022-03-10 01:46:21.107  INFO 74186 --- [restartedMain] com.zaxxer.hikari.HikariDataSource       : HikariPool-15 - Start completed.
2022-03-10 01:46:21.107  INFO 74186 --- [restartedMain] org.hibernate.dialect.Dialect            : HHH000400: Using dialect: org.hibernate.dialect.MySQL5InnoDBDialect
2022-03-10 01:46:21.348  INFO 74186 --- [restartedMain] o.h.e.t.j.p.i.JtaPlatformInitiator       : HHH000490: Using JtaPlatform implementation: [org.hibernate.engine.transaction.jta.platform.internal.NoJtaPlatform]
2022-03-10 01:46:21.348  INFO 74186 --- [restartedMain] j.LocalContainerEntityManagerFactoryBean : Initialized JPA EntityManagerFactory for persistence unit 'default'
2022-03-10 01:46:21.764  WARN 74186 --- [restartedMain] JpaBaseConfiguration$JpaWebConfiguration : spring.jpa.open-in-view is enabled by default. Therefore, database queries may be performed during view rendering. Explicitly configure spring.jpa.open-in-view to disable this warning
2022-03-10 01:46:21.858  INFO 74186 --- [restartedMain] o.s.b.d.a.OptionalLiveReloadServer       : LiveReload server is running on port 35729
2022-03-10 01:46:22.023  INFO 74186 --- [restartedMain] o.s.b.w.embedded.tomcat.TomcatWebServer  : Tomcat started on port(s): 8081 (http) with context path '/Pidev'
2022-03-10 01:46:22.320  INFO 74186 --- [restartedMain] tn.esprit.PidevApplication               : Started PidevApplication in 22.539 seconds (JVM running for 4082.362)
2022-03-10 01:46:22.324  INFO 74186 --- [restartedMain] .ConditionEvaluationDeltaLoggingListener : Condition evaluation unchanged
2022-03-10 01:46:23.431  INFO 74186 --- [Thread-60] j.LocalContainerEntityManagerFactoryBean : Closing JPA EntityManagerFactory for persistence unit 'default'
2022-03-10 01:46:23.432  INFO 74186 --- [Thread-60] com.zaxxer.hikari.HikariDataSource       : HikariPool-15 - Shutdown initiated...
2022-03-10 01:46:23.435  INFO 74186 --- [Thread-60] com.zaxxer.hikari.HikariDataSource       : HikariPool-15 - Shutdown completed.
2022-03-10 01:46:38.726  WARN 74186 --- [restartedMain] o.s.boot.StartupInfoLogger               : InetAddress.getLocalHost().getHostName() took 5004 milliseconds to respond. Please verify your network configuration (macOS machines may need to add entries to /etc/hosts).
2022-03-10 01:46:43.735  INFO 74186 --- [restartedMain] tn.esprit.PidevApplication               : Starting PidevApplication using Java 1.8.0_281 on Derbalis-MacBook-Pro.local with PID 74186 (/Volumes/Work/pidev spring/Pidev_4SAE2/target/classes started by seif in /Volumes/Work/pidev spring/Pidev_4SAE2)
2022-03-10 01:46:43.736  INFO 74186 --- [restartedMain] tn.esprit.PidevApplication               : No active profile set, falling back to default profiles: default
2022-03-10 01:46:44.130  INFO 74186 --- [restartedMain] .s.d.r.c.RepositoryConfigurationDelegate : Bootstrapping Spring Data JPA repositories in DEFAULT mode.
2022-03-10 01:46:44.151  INFO 74186 --- [restartedMain] .s.d.r.c.RepositoryConfigurationDelegate : Finished Spring Data repository scanning in 20 ms. Found 10 JPA repository interfaces.
2022-03-10 01:46:44.325  INFO 74186 --- [restartedMain] o.s.b.w.embedded.tomcat.TomcatWebServer  : Tomcat initialized with port(s): 8081 (http)
2022-03-10 01:46:44.326  INFO 74186 --- [restartedMain] o.apache.catalina.core.StandardService   : Starting service [Tomcat]
2022-03-10 01:46:44.326  INFO 74186 --- [restartedMain] org.apache.catalina.core.StandardEngine  : Starting Servlet engine: [Apache Tomcat/9.0.56]
2022-03-10 01:46:44.333  INFO 74186 --- [restartedMain] o.a.c.c.C.[Tomcat].[localhost].[/Pidev]  : Initializing Spring embedded WebApplicationContext
2022-03-10 01:46:44.333  INFO 74186 --- [restartedMain] w.s.c.ServletWebServerApplicationContext : Root WebApplicationContext: initialization completed in 594 ms
2022-03-10 01:46:44.364  INFO 74186 --- [restartedMain] o.hibernate.jpa.internal.util.LogHelper  : HHH000204: Processing PersistenceUnitInfo [name: default]
2022-03-10 01:46:44.369  INFO 74186 --- [restartedMain] com.zaxxer.hikari.HikariDataSource       : HikariPool-16 - Starting...
2022-03-10 01:46:44.374  INFO 74186 --- [restartedMain] com.zaxxer.hikari.HikariDataSource       : HikariPool-16 - Start completed.
2022-03-10 01:46:44.374  INFO 74186 --- [restartedMain] org.hibernate.dialect.Dialect            : HHH000400: Using dialect: org.hibernate.dialect.MySQL5InnoDBDialect
2022-03-10 01:46:44.495  INFO 74186 --- [restartedMain] o.h.e.t.j.p.i.JtaPlatformInitiator       : HHH000490: Using JtaPlatform implementation: [org.hibernate.engine.transaction.jta.platform.internal.NoJtaPlatform]
2022-03-10 01:46:44.495  INFO 74186 --- [restartedMain] j.LocalContainerEntityManagerFactoryBean : Initialized JPA EntityManagerFactory for persistence unit 'default'
2022-03-10 01:46:44.707  WARN 74186 --- [restartedMain] JpaBaseConfiguration$JpaWebConfiguration : spring.jpa.open-in-view is enabled by default. Therefore, database queries may be performed during view rendering. Explicitly configure spring.jpa.open-in-view to disable this warning
2022-03-10 01:46:44.765  INFO 74186 --- [restartedMain] o.s.b.d.a.OptionalLiveReloadServer       : LiveReload server is running on port 35729
2022-03-10 01:46:44.854  INFO 74186 --- [restartedMain] o.s.b.w.embedded.tomcat.TomcatWebServer  : Tomcat started on port(s): 8081 (http) with context path '/Pidev'
2022-03-10 01:46:44.972  INFO 74186 --- [restartedMain] tn.esprit.PidevApplication               : Started PidevApplication in 21.295 seconds (JVM running for 4105.014)
2022-03-10 01:46:44.974  INFO 74186 --- [restartedMain] .ConditionEvaluationDeltaLoggingListener : Condition evaluation unchanged
2022-03-10 01:46:53.841  INFO 74186 --- [http-nio-8081-exec-1] o.a.c.c.C.[Tomcat].[localhost].[/Pidev]  : Initializing Spring DispatcherServlet 'dispatcherServlet'
2022-03-10 01:46:53.842  INFO 74186 --- [http-nio-8081-exec-1] o.s.web.servlet.DispatcherServlet        : Initializing Servlet 'dispatcherServlet'
2022-03-10 01:46:53.843  INFO 74186 --- [http-nio-8081-exec-1] o.s.web.servlet.DispatcherServlet        : Completed initialization in 1 ms
2022-03-10 01:46:53.851  WARN 74186 --- [http-nio-8081-exec-1] o.s.web.servlet.PageNotFound             : No mapping for GET /Pidev/servlet/Answer/getPDF
2022-03-10 01:47:01.145 DEBUG 74186 --- [http-nio-8081-exec-3] org.hibernate.SQL                        : 
    select
        quizz0_.id as id1_8_0_,
        quizz0_.description as descript2_8_0_,
        quizz0_.questionnumber as question3_8_0_ 
    from
        quizz quizz0_ 
    where
        quizz0_.id=?
2022-03-10 01:47:01.148 TRACE 74186 --- [http-nio-8081-exec-3] o.h.type.descriptor.sql.BasicBinder      : binding parameter [1] as [INTEGER] - [1]
2022-03-10 01:53:45.388  INFO 74186 --- [RMI TCP Connection(2)-127.0.0.1] inMXBeanRegistrar$SpringApplicationAdmin : Application shutdown requested.
2022-03-10 01:53:45.474  INFO 74186 --- [RMI TCP Connection(2)-127.0.0.1] j.LocalContainerEntityManagerFactoryBean : Closing JPA EntityManagerFactory for persistence unit 'default'
2022-03-10 01:53:45.478  INFO 74186 --- [RMI TCP Connection(2)-127.0.0.1] com.zaxxer.hikari.HikariDataSource       : HikariPool-16 - Shutdown initiated...
2022-03-10 01:53:45.488  INFO 74186 --- [RMI TCP Connection(2)-127.0.0.1] com.zaxxer.hikari.HikariDataSource       : HikariPool-16 - Shutdown completed.
